\BOOKMARK [1][-]{section*.1}{Acknowledgments}{}% 1
\BOOKMARK [1][-]{section*.2}{Resumo}{}% 2
\BOOKMARK [1][-]{section*.3}{Abstract}{}% 3
\BOOKMARK [1][-]{section*.5}{List of Tables}{}% 4
\BOOKMARK [1][-]{section*.7}{List of Figures}{}% 5
\BOOKMARK [1][-]{section*.9}{Glossary}{}% 6
\BOOKMARK [0][-]{chapter.1}{1 Introduction}{}% 7
\BOOKMARK [0][-]{chapter.2}{2 The standard model and beyond}{}% 8
\BOOKMARK [1][-]{section.2.1}{2.1 The Standard Model of Particle Physics}{chapter.2}% 9
\BOOKMARK [2][-]{subsection.2.1.1}{2.1.1 Higgs pair production}{section.2.1}% 10
\BOOKMARK [1][-]{section.2.2}{2.2 Going beyond}{chapter.2}% 11
\BOOKMARK [0][-]{chapter.3}{3 Collider experiments}{}% 12
\BOOKMARK [1][-]{section.3.1}{3.1 Experimental aspects}{chapter.3}% 13
\BOOKMARK [1][-]{section.3.2}{3.2 The Large Hadron Collider}{chapter.3}% 14
\BOOKMARK [2][-]{subsection.3.2.1}{3.2.1 The ATLAS detector}{section.3.2}% 15
\BOOKMARK [1][-]{section.3.3}{3.3 Jet reconstruction}{chapter.3}% 16
\BOOKMARK [2][-]{subsection.3.3.1}{3.3.1 Jet properties and substructure observables}{section.3.3}% 17
\BOOKMARK [2][-]{subsection.3.3.2}{3.3.2 Jet grooming algorithms}{section.3.3}% 18
\BOOKMARK [1][-]{section.3.4}{3.4 Future Colliders}{chapter.3}% 19
\BOOKMARK [2][-]{subsection.3.4.1}{3.4.1 The hadronic Future Circular Collider}{section.3.4}% 20
\BOOKMARK [2][-]{subsection.3.4.2}{3.4.2 FCC-hh baseline detector}{section.3.4}% 21
\BOOKMARK [2][-]{subsection.3.4.3}{3.4.3 FCC-hh physics program}{section.3.4}% 22
\BOOKMARK [0][-]{chapter.4}{4 State of the art}{}% 23
\BOOKMARK [1][-]{section.4.1}{4.1 Searches for Higgs pair production at the LHC}{chapter.4}% 24
\BOOKMARK [1][-]{section.4.2}{4.2 Feasibility studies for high-luminosity and future colliders}{chapter.4}% 25
\BOOKMARK [1][-]{section.4.3}{4.3 Hadronic calorimeter granularity studies}{chapter.4}% 26
\BOOKMARK [0][-]{chapter.5}{5 Sample generation and analysis tools}{}% 27
\BOOKMARK [1][-]{section.5.1}{5.1 Fast simulation workflow}{chapter.5}% 28
\BOOKMARK [2][-]{subsection.5.1.1}{5.1.1 Particle flow and calorimeter reconstruction in Delphes}{section.5.1}% 29
\BOOKMARK [2][-]{subsection.5.1.2}{5.1.2 FCC-hh software}{section.5.1}% 30
\BOOKMARK [1][-]{section.5.2}{5.2 Signal and background samples}{chapter.5}% 31
\BOOKMARK [2][-]{subsection.5.2.1}{5.2.1 MadGraph}{section.5.2}% 32
\BOOKMARK [2][-]{subsection.5.2.2}{5.2.2 Pythia}{section.5.2}% 33
\BOOKMARK [2][-]{subsection.5.2.3}{5.2.3 Delphes}{section.5.2}% 34
\BOOKMARK [0][-]{chapter.6}{6 Analysis}{}% 35
\BOOKMARK [1][-]{section.6.1}{6.1 Overview of the hhbbbb channel}{chapter.6}% 36
\BOOKMARK [2][-]{subsection.6.1.1}{6.1.1 Event pre-selection}{section.6.1}% 37
\BOOKMARK [2][-]{subsection.6.1.2}{6.1.2 Signal characterization}{section.6.1}% 38
\BOOKMARK [2][-]{subsection.6.1.3}{6.1.3 Backgrounds}{section.6.1}% 39
\BOOKMARK [1][-]{section.6.2}{6.2 Analysis strategy}{chapter.6}% 40
\BOOKMARK [2][-]{subsection.6.2.1}{6.2.1 Implementation of b-tagging}{section.6.2}% 41
\BOOKMARK [2][-]{subsection.6.2.2}{6.2.2 Baseline analysis}{section.6.2}% 42
\BOOKMARK [2][-]{subsection.6.2.3}{6.2.3 Optimization}{section.6.2}% 43
\BOOKMARK [2][-]{subsection.6.2.4}{6.2.4 Handling of uncertainties}{section.6.2}% 44
\BOOKMARK [2][-]{subsection.6.2.5}{6.2.5 Trigger discussion}{section.6.2}% 45
\BOOKMARK [0][-]{chapter.7}{7 Results}{}% 46
\BOOKMARK [1][-]{section.7.1}{7.1 Di-Higgs discovery potential at the FCC-hh}{chapter.7}% 47
\BOOKMARK [2][-]{subsection.7.1.1}{7.1.1 Statistical analysis}{section.7.1}% 48
\BOOKMARK [2][-]{subsection.7.1.2}{7.1.2 Comparing with the ATLAS detector}{section.7.1}% 49
\BOOKMARK [1][-]{section.7.2}{7.2 Hadronic calorimeter granularity studies for future colliders}{chapter.7}% 50
\BOOKMARK [2][-]{subsection.7.2.1}{7.2.1 Resolution of jet mass and N-subjetiness}{section.7.2}% 51
\BOOKMARK [2][-]{subsection.7.2.2}{7.2.2 Signal efficiency and significance}{section.7.2}% 52
\BOOKMARK [0][-]{chapter.8}{8 Conclusions}{}% 53
\BOOKMARK [0][-]{section*.64}{Bibliography}{}% 54
\BOOKMARK [0][-]{appendix.A}{A Jet radius discussion}{}% 55
\BOOKMARK [0][-]{appendix.B}{B Additional background processes}{}% 56
\BOOKMARK [0][-]{appendix.C}{C Softdrop mass}{}% 57
\BOOKMARK [0][-]{appendix.D}{D Samples generation: parameters}{}% 58
\BOOKMARK [1][-]{section.D.1}{D.1 MadGraph}{appendix.D}% 59
\BOOKMARK [1][-]{section.D.2}{D.2 Pythia}{appendix.D}% 60
\BOOKMARK [0][-]{appendix.E}{E Cutflow tables}{}% 61
\BOOKMARK [0][-]{appendix.F}{F Extra plots}{}% 62
