This is LuaTeX, Version beta-0.80.0 (TeX Live 2015/Debian) (rev 5238)  (format=lualatex 2017.11.27)  16 SEP 2018 23:41
 restricted \write18 enabled.
**Thesis.tex
(./Thesis.tex
LaTeX2e <2016/02/01>
Babel <3.9q> and hyphenation patterns for 1 language(s) loaded.
(/usr/share/texlive/texmf-dist/tex/latex/base/report.cls
Document Class: report 2014/09/29 v1.4h Standard LaTeX document class
(/usr/share/texlive/texmf-dist/tex/latex/base/size10.clo
File: size10.clo 2014/09/29 v1.4h Standard LaTeX file (size option)
)
\c@part=\count79
\c@chapter=\count80
\c@section=\count81
\c@subsection=\count82
\c@subsubsection=\count83
\c@paragraph=\count84
\c@subparagraph=\count85
\c@figure=\count86
\c@table=\count87
\abovecaptionskip=\skip41
\belowcaptionskip=\skip42
\bibindent=\dimen102
)
(/usr/share/texlive/texmf-dist/tex/latex/lineno/lineno.sty
Package: lineno 2005/11/02 line numbers on paragraphs v4.41
\linenopenalty=\count88
\output=\toks14
\linenoprevgraf=\count89
\linenumbersep=\dimen103
\linenumberwidth=\dimen104
\c@linenumber=\count90
\c@pagewiselinenumber=\count91
\c@LN@truepage=\count92
\c@internallinenumber=\count93
\c@internallinenumbers=\count94
\quotelinenumbersep=\dimen105
\bframerule=\dimen106
\bframesep=\dimen107
\bframebox=\box26
LaTeX Info: Redefining \\ on input line 3056.
)
(/usr/share/texlive/texmf-dist/tex/latex/graphics/lscape.sty
Package: lscape 2000/10/22 v3.01 Landscape Pages (DPC)

(/usr/share/texlive/texmf-dist/tex/latex/graphics/graphics.sty
Package: graphics 2016/01/03 v1.0q Standard LaTeX Graphics (DPC,SPQR)

(/usr/share/texlive/texmf-dist/tex/latex/graphics/trig.sty
Package: trig 2016/01/03 v1.10 sin cos tan (DPC)
)
(/usr/share/texlive/texmf-dist/tex/latex/latexconfig/graphics.cfg
File: graphics.cfg 2010/04/23 v1.9 graphics configuration of TeX Live
)
Package graphics Info: Driver file: pdftex.def on input line 95.

(/usr/share/texlive/texmf-dist/tex/latex/pdftex-def/pdftex.def
File: pdftex.def 2011/05/27 v0.06d Graphics/color for pdfTeX

(/usr/share/texlive/texmf-dist/tex/generic/oberdiek/infwarerr.sty
Package: infwarerr 2010/04/08 v1.3 Providing info/warning/error messages (HO)
)
(/usr/share/texlive/texmf-dist/tex/generic/oberdiek/ltxcmds.sty
Package: ltxcmds 2011/11/09 v1.22 LaTeX kernel commands for general use (HO)
)
\Gread@gobject=\count95
)))
(/usr/share/texlive/texmf-dist/tex/latex/caption/caption.sty
Package: caption 2016/02/21 v3.3-144 Customizing captions (AR)

(/usr/share/texlive/texmf-dist/tex/latex/caption/caption3.sty
Package: caption3 2016/02/04 v1.7-139 caption3 kernel (AR)
Package caption3 Info: TeX engine: e-TeX on input line 67.

(/usr/share/texlive/texmf-dist/tex/latex/graphics/keyval.sty
Package: keyval 2014/10/28 v1.15 key=value parser (DPC)
\KV@toks@=\toks15
)
\captionmargin=\dimen108
\captionmargin@=\dimen109
\captionwidth=\dimen110
\caption@tempdima=\dimen111
\caption@indent=\dimen112
\caption@parindent=\dimen113
\caption@hangindent=\dimen114
)
\c@ContinuedFloat=\count96
)
(/usr/share/texlive/texmf-dist/tex/latex/mathtools/mathtools.sty
Package: mathtools 2015/11/12 v1.18 mathematical typesetting tools

(/usr/share/texlive/texmf-dist/tex/latex/tools/calc.sty
Package: calc 2014/10/28 v4.3 Infix arithmetic (KKT,FJ)
\calc@Acount=\count97
\calc@Bcount=\count98
\calc@Adimen=\dimen115
\calc@Bdimen=\dimen116
\calc@Askip=\skip43
\calc@Bskip=\skip44
LaTeX Info: Redefining \setlength on input line 80.
LaTeX Info: Redefining \addtolength on input line 81.
\calc@Ccount=\count99
\calc@Cskip=\skip45
)
(/usr/share/texlive/texmf-dist/tex/latex/mathtools/mhsetup.sty
Package: mhsetup 2010/01/21 v1.2a programming setup (MH)
)
(/usr/share/texlive/texmf-dist/tex/latex/amsmath/amsmath.sty
Package: amsmath 2016/03/03 v2.15a AMS math features
\@mathmargin=\skip46

For additional information on amsmath, use the `?' option.
(/usr/share/texlive/texmf-dist/tex/latex/amsmath/amstext.sty
Package: amstext 2000/06/29 v2.01 AMS text

(/usr/share/texlive/texmf-dist/tex/latex/amsmath/amsgen.sty
File: amsgen.sty 1999/11/30 v2.0 generic functions
\@emptytoks=\toks16
\ex@=\dimen117
))
(/usr/share/texlive/texmf-dist/tex/latex/amsmath/amsbsy.sty
Package: amsbsy 1999/11/29 v1.2d Bold Symbols
\pmbraise@=\dimen118
)
(/usr/share/texlive/texmf-dist/tex/latex/amsmath/amsopn.sty
Package: amsopn 1999/12/14 v2.01 operator names
)
\inf@bad=\count100
LaTeX Info: Redefining \frac on input line 199.
\uproot@=\count101
\leftroot@=\count102
LaTeX Info: Redefining \overline on input line 297.
\classnum@=\count103
\DOTSCASE@=\count104
LaTeX Info: Redefining \ldots on input line 394.
LaTeX Info: Redefining \dots on input line 397.
LaTeX Info: Redefining \cdots on input line 518.
\Mathstrutbox@=\box27
\strutbox@=\box28
\big@size=\dimen119
LaTeX Font Info:    Redeclaring font encoding OML on input line 630.
LaTeX Font Info:    Redeclaring font encoding OMS on input line 631.
\macc@depth=\count105
\c@MaxMatrixCols=\count106
\dotsspace@=\muskip10
\c@parentequation=\count107
\dspbrk@lvl=\count108
\tag@help=\toks17
\row@=\count109
\column@=\count110
\maxfields@=\count111
\andhelp@=\toks18
\eqnshift@=\dimen120
\alignsep@=\dimen121
\tagshift@=\dimen122
\tagwidth@=\dimen123
\totwidth@=\dimen124
\lineht@=\dimen125
\@envbody=\toks19
\multlinegap=\skip47
\multlinetaggap=\skip48
\mathdisplay@stack=\toks20
LaTeX Info: Redefining \[ on input line 2735.
LaTeX Info: Redefining \] on input line 2736.
)
LaTeX Info: Thecontrolsequence`\('isalreadyrobust on input line 129.
LaTeX Info: Thecontrolsequence`\)'isalreadyrobust on input line 129.
LaTeX Info: Thecontrolsequence`\['isalreadyrobust on input line 129.
LaTeX Info: Thecontrolsequence`\]'isalreadyrobust on input line 129.
\g_MT_multlinerow_int=\count112
\l_MT_multwidth_dim=\dimen126
\origjot=\skip49
\l_MT_shortvdotswithinadjustabove_dim=\dimen127
\l_MT_shortvdotswithinadjustbelow_dim=\dimen128
\l_MT_above_intertext_sep=\dimen129
\l_MT_below_intertext_sep=\dimen130
\l_MT_above_shortintertext_sep=\dimen131
\l_MT_below_shortintertext_sep=\dimen132
)
(/usr/share/texlive/texmf-dist/tex/latex/wrapfig/wrapfig.sty
\wrapoverhang=\dimen133
\WF@size=\dimen134
\c@WF@wrappedlines=\count113
\WF@box=\box29
\WF@everypar=\toks21
Package: wrapfig 2003/01/31  v 3.6
)
(/usr/share/texlive/texmf-dist/tex/latex/xcolor/xcolor.sty
Package: xcolor 2007/01/21 v2.11 LaTeX color extensions (UK)

(/usr/share/texlive/texmf-dist/tex/latex/latexconfig/color.cfg
File: color.cfg 2007/01/18 v1.5 color configuration of teTeX/TeXLive
)
Package xcolor Info: Driver file: pdftex.def on input line 225.

(/usr/share/texlive/texmf-dist/tex/latex/colortbl/colortbl.sty
Package: colortbl 2012/02/13 v1.0a Color table columns (DPC)

(/usr/share/texlive/texmf-dist/tex/latex/tools/array.sty
Package: array 2014/10/28 v2.4c Tabular extension package (FMi)
\col@sep=\dimen135
\extrarowheight=\dimen136
\NC@list=\toks22
\extratabsurround=\skip50
\backup@length=\skip51
)
\everycr=\toks23
\minrowclearance=\skip52
)
\rownum=\count114
Package xcolor Info: Model `cmy' substituted by `cmy0' on input line 1337.
Package xcolor Info: Model `hsb' substituted by `rgb' on input line 1341.
Package xcolor Info: Model `RGB' extended on input line 1353.
Package xcolor Info: Model `HTML' substituted by `rgb' on input line 1355.
Package xcolor Info: Model `Hsb' substituted by `hsb' on input line 1356.
Package xcolor Info: Model `tHsb' substituted by `hsb' on input line 1357.
Package xcolor Info: Model `HSB' substituted by `hsb' on input line 1358.
Package xcolor Info: Model `Gray' substituted by `gray' on input line 1359.
Package xcolor Info: Model `wave' substituted by `hsb' on input line 1360.
)
(/usr/share/texlive/texmf-dist/tex/latex/base/inputenc.sty
Package: inputenc 2015/03/17 v1.2c Input encoding file
\inpenc@prehook=\toks24
\inpenc@posthook=\toks25


Package inputenc Warning: inputenc package ignored with utf8 based engines.

) (/usr/share/texlive/texmf-dist/tex/latex/carlisle/slashed.sty
Package: slashed 1997/01/16 v0.01 Feynman Slashed Character Notation (DPC)
)
(/usr/share/texlive/texmf-dist/tex/latex/multirow/multirow.sty
\bigstrutjot=\dimen137
)
(/usr/share/texlive/texmf-dist/tex/latex/tools/hhline.sty
Package: hhline 2014/10/28 v2.03 Table rule package (DPC)
)
(/usr/share/texlive/texmf-dist/tex/latex/pgf/frontendlayer/tikz.sty
(/usr/share/texlive/texmf-dist/tex/latex/pgf/basiclayer/pgf.sty
(/usr/share/texlive/texmf-dist/tex/latex/pgf/utilities/pgfrcs.sty
(/usr/share/texlive/texmf-dist/tex/generic/pgf/utilities/pgfutil-common.tex
\pgfutil@everybye=\toks26
\pgfutil@tempdima=\dimen138
\pgfutil@tempdimb=\dimen139

(/usr/share/texlive/texmf-dist/tex/generic/pgf/utilities/pgfutil-common-lists.t
ex)) (/usr/share/texlive/texmf-dist/tex/generic/pgf/utilities/pgfutil-latex.def
\pgfutil@abb=\box30
(/usr/share/texlive/texmf-dist/tex/latex/ms/everyshi.sty
Package: everyshi 2001/05/15 v3.00 EveryShipout Package (MS)
))
(/usr/share/texlive/texmf-dist/tex/generic/pgf/utilities/pgfrcs.code.tex
Package: pgfrcs 2015/08/07 v3.0.1a (rcs-revision 1.31)
))
Package: pgf 2015/08/07 v3.0.1a (rcs-revision 1.15)

(/usr/share/texlive/texmf-dist/tex/latex/pgf/basiclayer/pgfcore.sty
(/usr/share/texlive/texmf-dist/tex/latex/graphics/graphicx.sty
Package: graphicx 2014/10/28 v1.0g Enhanced LaTeX Graphics (DPC,SPQR)
\Gin@req@height=\dimen140
\Gin@req@width=\dimen141
)
(/usr/share/texlive/texmf-dist/tex/latex/pgf/systemlayer/pgfsys.sty
(/usr/share/texlive/texmf-dist/tex/generic/pgf/systemlayer/pgfsys.code.tex
Package: pgfsys 2014/07/09 v3.0.1a (rcs-revision 1.48)

(/usr/share/texlive/texmf-dist/tex/generic/pgf/utilities/pgfkeys.code.tex
\pgfkeys@pathtoks=\toks27
\pgfkeys@temptoks=\toks28

(/usr/share/texlive/texmf-dist/tex/generic/pgf/utilities/pgfkeysfiltered.code.t
ex
\pgfkeys@tmptoks=\toks29
))
\pgf@x=\dimen142
\pgf@y=\dimen143
\pgf@xa=\dimen144
\pgf@ya=\dimen145
\pgf@xb=\dimen146
\pgf@yb=\dimen147
\pgf@xc=\dimen148
\pgf@yc=\dimen149
\w@pgf@writea=\write3
\r@pgf@reada=\read1
\c@pgf@counta=\count115
\c@pgf@countb=\count116
\c@pgf@countc=\count117
\c@pgf@countd=\count118
\t@pgf@toka=\toks30
\t@pgf@tokb=\toks31
\t@pgf@tokc=\toks32
 (/usr/share/texlive/texmf-dist/tex/generic/pgf/systemlayer/pgf.cfg
File: pgf.cfg 2008/05/14  (rcs-revision 1.7)
)
Driver file for pgf: pgfsys-pdftex.def

(/usr/share/texlive/texmf-dist/tex/generic/pgf/systemlayer/pgfsys-pdftex.def
File: pgfsys-pdftex.def 2014/10/11  (rcs-revision 1.35)

(/usr/share/texlive/texmf-dist/tex/generic/pgf/systemlayer/pgfsys-common-pdf.de
f
File: pgfsys-common-pdf.def 2013/10/10  (rcs-revision 1.13)
)))
(/usr/share/texlive/texmf-dist/tex/generic/pgf/systemlayer/pgfsyssoftpath.code.
tex
File: pgfsyssoftpath.code.tex 2013/09/09  (rcs-revision 1.9)
\pgfsyssoftpath@smallbuffer@items=\count119
\pgfsyssoftpath@bigbuffer@items=\count120
)
(/usr/share/texlive/texmf-dist/tex/generic/pgf/systemlayer/pgfsysprotocol.code.
tex
File: pgfsysprotocol.code.tex 2006/10/16  (rcs-revision 1.4)
))
(/usr/share/texlive/texmf-dist/tex/generic/pgf/basiclayer/pgfcore.code.tex
Package: pgfcore 2010/04/11 v3.0.1a (rcs-revision 1.7)

(/usr/share/texlive/texmf-dist/tex/generic/pgf/math/pgfmath.code.tex
(/usr/share/texlive/texmf-dist/tex/generic/pgf/math/pgfmathcalc.code.tex
(/usr/share/texlive/texmf-dist/tex/generic/pgf/math/pgfmathutil.code.tex)
(/usr/share/texlive/texmf-dist/tex/generic/pgf/math/pgfmathparser.code.tex
\pgfmath@dimen=\dimen150
\pgfmath@count=\count121
\pgfmath@box=\box31
\pgfmath@toks=\toks33
\pgfmath@stack@operand=\toks34
\pgfmath@stack@operation=\toks35
)
(/usr/share/texlive/texmf-dist/tex/generic/pgf/math/pgfmathfunctions.code.tex
(/usr/share/texlive/texmf-dist/tex/generic/pgf/math/pgfmathfunctions.basic.code
.tex)
(/usr/share/texlive/texmf-dist/tex/generic/pgf/math/pgfmathfunctions.trigonomet
ric.code.tex)
(/usr/share/texlive/texmf-dist/tex/generic/pgf/math/pgfmathfunctions.random.cod
e.tex)
(/usr/share/texlive/texmf-dist/tex/generic/pgf/math/pgfmathfunctions.comparison
.code.tex)
(/usr/share/texlive/texmf-dist/tex/generic/pgf/math/pgfmathfunctions.base.code.
tex)
(/usr/share/texlive/texmf-dist/tex/generic/pgf/math/pgfmathfunctions.round.code
.tex)
(/usr/share/texlive/texmf-dist/tex/generic/pgf/math/pgfmathfunctions.misc.code.
tex)
(/usr/share/texlive/texmf-dist/tex/generic/pgf/math/pgfmathfunctions.integerari
thmetics.code.tex)))
(/usr/share/texlive/texmf-dist/tex/generic/pgf/math/pgfmathfloat.code.tex
\c@pgfmathroundto@lastzeros=\count122
))
(/usr/share/texlive/texmf-dist/tex/generic/pgf/basiclayer/pgfcorepoints.code.te
x
File: pgfcorepoints.code.tex 2013/10/07  (rcs-revision 1.27)
\pgf@picminx=\dimen151
\pgf@picmaxx=\dimen152
\pgf@picminy=\dimen153
\pgf@picmaxy=\dimen154
\pgf@pathminx=\dimen155
\pgf@pathmaxx=\dimen156
\pgf@pathminy=\dimen157
\pgf@pathmaxy=\dimen158
\pgf@xx=\dimen159
\pgf@xy=\dimen160
\pgf@yx=\dimen161
\pgf@yy=\dimen162
\pgf@zx=\dimen163
\pgf@zy=\dimen164
)
(/usr/share/texlive/texmf-dist/tex/generic/pgf/basiclayer/pgfcorepathconstruct.
code.tex
File: pgfcorepathconstruct.code.tex 2013/10/07  (rcs-revision 1.29)
\pgf@path@lastx=\dimen165
\pgf@path@lasty=\dimen166
)
(/usr/share/texlive/texmf-dist/tex/generic/pgf/basiclayer/pgfcorepathusage.code
.tex
File: pgfcorepathusage.code.tex 2014/11/02  (rcs-revision 1.24)
\pgf@shorten@end@additional=\dimen167
\pgf@shorten@start@additional=\dimen168
)
(/usr/share/texlive/texmf-dist/tex/generic/pgf/basiclayer/pgfcorescopes.code.te
x
File: pgfcorescopes.code.tex 2015/05/08  (rcs-revision 1.46)
\pgfpic=\box32
\pgf@hbox=\box33
\pgf@layerbox@main=\box34
\pgf@picture@serial@count=\count123
)
(/usr/share/texlive/texmf-dist/tex/generic/pgf/basiclayer/pgfcoregraphicstate.c
ode.tex
File: pgfcoregraphicstate.code.tex 2014/11/02  (rcs-revision 1.12)
\pgflinewidth=\dimen169
)
(/usr/share/texlive/texmf-dist/tex/generic/pgf/basiclayer/pgfcoretransformation
s.code.tex
File: pgfcoretransformations.code.tex 2015/08/07  (rcs-revision 1.20)
\pgf@pt@x=\dimen170
\pgf@pt@y=\dimen171
\pgf@pt@temp=\dimen172
)
(/usr/share/texlive/texmf-dist/tex/generic/pgf/basiclayer/pgfcorequick.code.tex
File: pgfcorequick.code.tex 2008/10/09  (rcs-revision 1.3)
)
(/usr/share/texlive/texmf-dist/tex/generic/pgf/basiclayer/pgfcoreobjects.code.t
ex
File: pgfcoreobjects.code.tex 2006/10/11  (rcs-revision 1.2)
)
(/usr/share/texlive/texmf-dist/tex/generic/pgf/basiclayer/pgfcorepathprocessing
.code.tex
File: pgfcorepathprocessing.code.tex 2013/09/09  (rcs-revision 1.9)
)
(/usr/share/texlive/texmf-dist/tex/generic/pgf/basiclayer/pgfcorearrows.code.te
x
File: pgfcorearrows.code.tex 2015/05/14  (rcs-revision 1.43)
\pgfarrowsep=\dimen173
)
(/usr/share/texlive/texmf-dist/tex/generic/pgf/basiclayer/pgfcoreshade.code.tex
File: pgfcoreshade.code.tex 2013/07/15  (rcs-revision 1.15)
\pgf@max=\dimen174
\pgf@sys@shading@range@num=\count124
)
(/usr/share/texlive/texmf-dist/tex/generic/pgf/basiclayer/pgfcoreimage.code.tex
File: pgfcoreimage.code.tex 2013/07/15  (rcs-revision 1.18)

(/usr/share/texlive/texmf-dist/tex/generic/pgf/basiclayer/pgfcoreexternal.code.
tex
File: pgfcoreexternal.code.tex 2014/07/09  (rcs-revision 1.21)
\pgfexternal@startupbox=\box35
))
(/usr/share/texlive/texmf-dist/tex/generic/pgf/basiclayer/pgfcorelayers.code.te
x
File: pgfcorelayers.code.tex 2013/07/18  (rcs-revision 1.7)
)
(/usr/share/texlive/texmf-dist/tex/generic/pgf/basiclayer/pgfcoretransparency.c
ode.tex
File: pgfcoretransparency.code.tex 2013/09/30  (rcs-revision 1.5)
)
(/usr/share/texlive/texmf-dist/tex/generic/pgf/basiclayer/pgfcorepatterns.code.
tex
File: pgfcorepatterns.code.tex 2013/11/07  (rcs-revision 1.5)
)))
(/usr/share/texlive/texmf-dist/tex/generic/pgf/modules/pgfmoduleshapes.code.tex
File: pgfmoduleshapes.code.tex 2014/03/21  (rcs-revision 1.35)
\pgfnodeparttextbox=\box36
) (/usr/share/texlive/texmf-dist/tex/generic/pgf/modules/pgfmoduleplot.code.tex
File: pgfmoduleplot.code.tex 2015/08/03  (rcs-revision 1.13)
)
(/usr/share/texlive/texmf-dist/tex/latex/pgf/compatibility/pgfcomp-version-0-65
.sty
Package: pgfcomp-version-0-65 2007/07/03 v3.0.1a (rcs-revision 1.7)
\pgf@nodesepstart=\dimen175
\pgf@nodesepend=\dimen176
)
(/usr/share/texlive/texmf-dist/tex/latex/pgf/compatibility/pgfcomp-version-1-18
.sty
Package: pgfcomp-version-1-18 2007/07/23 v3.0.1a (rcs-revision 1.1)
)) (/usr/share/texlive/texmf-dist/tex/latex/pgf/utilities/pgffor.sty
(/usr/share/texlive/texmf-dist/tex/latex/pgf/utilities/pgfkeys.sty
(/usr/share/texlive/texmf-dist/tex/generic/pgf/utilities/pgfkeys.code.tex))
(/usr/share/texlive/texmf-dist/tex/latex/pgf/math/pgfmath.sty
(/usr/share/texlive/texmf-dist/tex/generic/pgf/math/pgfmath.code.tex))
(/usr/share/texlive/texmf-dist/tex/generic/pgf/utilities/pgffor.code.tex
Package: pgffor 2013/12/13 v3.0.1a (rcs-revision 1.25)

(/usr/share/texlive/texmf-dist/tex/generic/pgf/math/pgfmath.code.tex)
\pgffor@iter=\dimen177
\pgffor@skip=\dimen178
\pgffor@stack=\toks36
\pgffor@toks=\toks37
))
(/usr/share/texlive/texmf-dist/tex/generic/pgf/frontendlayer/tikz/tikz.code.tex
Package: tikz 2015/08/07 v3.0.1a (rcs-revision 1.151)

(/usr/share/texlive/texmf-dist/tex/generic/pgf/libraries/pgflibraryplothandlers
.code.tex
File: pgflibraryplothandlers.code.tex 2013/08/31 v3.0.1a (rcs-revision 1.20)
\pgf@plot@mark@count=\count125
\pgfplotmarksize=\dimen179
)
\tikz@lastx=\dimen180
\tikz@lasty=\dimen181
\tikz@lastxsaved=\dimen182
\tikz@lastysaved=\dimen183
\tikzleveldistance=\dimen184
\tikzsiblingdistance=\dimen185
\tikz@figbox=\box37
\tikz@figbox@bg=\box38
\tikz@tempbox=\box39
\tikz@tempbox@bg=\box40
\tikztreelevel=\count126
\tikznumberofchildren=\count127
\tikznumberofcurrentchild=\count128
\tikz@fig@count=\count129

(/usr/share/texlive/texmf-dist/tex/generic/pgf/modules/pgfmodulematrix.code.tex
File: pgfmodulematrix.code.tex 2013/09/17  (rcs-revision 1.8)
\pgfmatrixcurrentrow=\count130
\pgfmatrixcurrentcolumn=\count131
\pgf@matrix@numberofcolumns=\count132
)
\tikz@expandcount=\count133

(/usr/share/texlive/texmf-dist/tex/generic/pgf/frontendlayer/tikz/libraries/tik
zlibrarytopaths.code.tex
File: tikzlibrarytopaths.code.tex 2008/06/17 v3.0.1a (rcs-revision 1.2)
)))
(/usr/share/texlive/texmf-dist/tex/latex/tikz-feynman/tikz-feynman.sty
Package: tikz-feynman 2016/02/05v1.1.0Feynman diagrams with TikZ

(/usr/share/texlive/texmf-dist/tex/generic/oberdiek/ifluatex.sty
Package: ifluatex 2010/03/01 v1.3 Provides the ifluatex switch (HO)
Package ifluatex Info: LuaTeX detected.
)
(/usr/share/texlive/texmf-dist/tex/latex/pgfopts/pgfopts.sty
Package: pgfopts 2014/07/10 v2.1a LaTeX package options with pgfkeys
\pgfopts@list@add@a@toks=\toks38
\pgfopts@list@add@b@toks=\toks39
)
(/usr/share/texlive/texmf-dist/tex/latex/tikz-feynman/tikzlibraryfeynman.code.t
ex
(/usr/share/texlive/texmf-dist/tex/generic/pgf/libraries/pgflibraryarrows.meta.
code.tex
File: pgflibraryarrows.meta.code.tex 2015/05/13 v3.0.1a (rcs-revision 1.13)
\pgfarrowinset=\dimen186
\pgfarrowlength=\dimen187
\pgfarrowwidth=\dimen188
\pgfarrowlinewidth=\dimen189
)
(/usr/share/texlive/texmf-dist/tex/generic/pgf/frontendlayer/tikz/libraries/tik
zlibrarycalc.code.tex
File: tikzlibrarycalc.code.tex 2013/07/15 v3.0.1a (rcs-revision 1.9)
)
(/usr/share/texlive/texmf-dist/tex/generic/pgf/frontendlayer/tikz/libraries/tik
zlibrarydecorations.code.tex
(/usr/share/texlive/texmf-dist/tex/generic/pgf/modules/pgfmoduledecorations.cod
e.tex
\pgfdecoratedcompleteddistance=\dimen190
\pgfdecoratedremainingdistance=\dimen191
\pgfdecoratedinputsegmentcompleteddistance=\dimen192
\pgfdecoratedinputsegmentremainingdistance=\dimen193
\pgf@decorate@distancetomove=\dimen194
\pgf@decorate@repeatstate=\count134
\pgfdecorationsegmentamplitude=\dimen195
\pgfdecorationsegmentlength=\dimen196
)
\tikz@lib@dec@box=\box41
)
(/usr/share/texlive/texmf-dist/tex/generic/pgf/frontendlayer/tikz/libraries/tik
zlibrarydecorations.markings.code.tex
(/usr/share/texlive/texmf-dist/tex/generic/pgf/libraries/decorations/pgflibrary
decorations.markings.code.tex))
(/usr/share/texlive/texmf-dist/tex/generic/pgf/frontendlayer/tikz/libraries/tik
zlibrarydecorations.pathmorphing.code.tex
(/usr/share/texlive/texmf-dist/tex/generic/pgf/libraries/decorations/pgflibrary
decorations.pathmorphing.code.tex))
(/usr/share/texlive/texmf-dist/tex/generic/pgf/frontendlayer/tikz/libraries/tik
zlibrarydecorations.pathreplacing.code.tex
(/usr/share/texlive/texmf-dist/tex/generic/pgf/libraries/decorations/pgflibrary
decorations.pathreplacing.code.tex))
(/usr/share/texlive/texmf-dist/tex/generic/pgf/frontendlayer/tikz/libraries/gra
phs/tikzlibrarygraphs.code.tex
File: tikzlibrarygraphs.code.tex 2015/06/05 v3.0.1a (rcs-revision 1.44)
\tikz@lib@auto@number=\count135
\tikz@qnode@count=\count136
)
(/usr/share/texlive/texmf-dist/tex/generic/pgf/frontendlayer/tikz/libraries/tik
zlibrarypatterns.code.tex
File: tikzlibrarypatterns.code.tex 2008/01/15 v3.0.1a (rcs-revision 1.2)

(/usr/share/texlive/texmf-dist/tex/generic/pgf/libraries/pgflibrarypatterns.cod
e.tex
File: pgflibrarypatterns.code.tex 2008/03/03 v3.0.1a (rcs-revision 1.13)
))
(/usr/share/texlive/texmf-dist/tex/generic/pgf/frontendlayer/tikz/libraries/tik
zlibrarypositioning.code.tex
File: tikzlibrarypositioning.code.tex 2008/10/06 v3.0.1a (rcs-revision 1.7)
)
(/usr/share/texlive/texmf-dist/tex/generic/pgf/frontendlayer/tikz/libraries/tik
zlibraryshapes.geometric.code.tex
File: tikzlibraryshapes.geometric.code.tex 2008/01/09 v3.0.1a (rcs-revision 1.1)


(/usr/share/texlive/texmf-dist/tex/generic/pgf/libraries/shapes/pgflibraryshape
s.geometric.code.tex
File: pgflibraryshapes.geometric.code.tex 2008/06/26 v3.0.1a (rcs-revision 1.1)
))
(/usr/share/texlive/texmf-dist/tex/generic/pgf/graphdrawing/tex/tikzlibrarygrap
hdrawing.code.tex
File: tikzlibrarygraphdrawing.code.tex 2013/08/05 v3.0.1a (rcs-revision 1.20)

(/usr/share/texlive/texmf-dist/tex/generic/pgf/graphdrawing/tex/pgflibrarygraph
drawing.code.tex
File: pgflibrarygraphdrawing.code.tex 2015/06/08 v3.0.1a (rcs-revision 1.39)
\pgf@gd@parameter@stack@height=\count137
\pgf@gd@node@box=\box42
\pgf@gd@edge@box=\box43
\pgf@gd@prekind@box=\box44
\pgf@gd@postkind@box=\box45
))
(/usr/share/texlive/texmf-dist/tex/latex/tikz-feynman/tikzfeynman.keys.code.tex
))) (/usr/share/texlive/texmf-dist/tex/latex/diagbox/diagbox.sty
Package: diagbox 2016/02/24 v2.1 Making table heads with diagonal lines

(/usr/share/texlive/texmf-dist/tex/latex/pict2e/pict2e.sty
Package: pict2e 2016/02/05 v0.3b Improved picture commands (HjG,RN,JT)

(/usr/share/texlive/texmf-dist/tex/latex/pict2e/pict2e.cfg
File: pict2e.cfg 2016/02/05 v0.1u pict2e configuration for teTeX/TeXLive
)
Package pict2e Info: Driver file: pdftex.def on input line 119.
Package pict2e Info: Driver file for pict2e: p2e-pdftex.def on input line 121.

(/usr/share/texlive/texmf-dist/tex/latex/pict2e/p2e-pdftex.def
File: p2e-pdftex.def 2016/02/05 v0.1u Driver-dependant file (RN,HjG,JT)
)
\pIIe@GRAPH=\toks40
\@arclen=\dimen197
\@arcrad=\dimen198
\@tempdimd=\dimen199
)
(/usr/share/texlive/texmf-dist/tex/latex/fp/fp.sty
Package: fp 1995/04/02

`Fixed Point Package', Version 0.8, April 2, 1995 (C) Michael Mehlich
(/usr/share/texlive/texmf-dist/tex/latex/fp/defpattern.sty
Package: defpattern 1994/10/12
\actioncount=\count138
)
(/usr/share/texlive/texmf-dist/tex/latex/fp/fp-basic.sty
Package: fp-basic 1996/05/13
\FP@xs=\count139
\FP@xia=\count140
\FP@xib=\count141
\FP@xfa=\count142
\FP@xfb=\count143
\FP@rega=\count144
\FP@regb=\count145
\FP@regs=\count146
\FP@times=\count147
)
(/usr/share/texlive/texmf-dist/tex/latex/fp/fp-addons.sty
Package: fp-addons 1995/03/15
)
(/usr/share/texlive/texmf-dist/tex/latex/fp/fp-snap.sty
Package: fp-snap 1995/04/05
)
(/usr/share/texlive/texmf-dist/tex/latex/fp/fp-exp.sty
Package: fp-exp 1995/04/03
)
(/usr/share/texlive/texmf-dist/tex/latex/fp/fp-trigo.sty
Package: fp-trigo 1995/04/14
)
(/usr/share/texlive/texmf-dist/tex/latex/fp/fp-pas.sty
Package: fp-pas 1994/08/29
)
(/usr/share/texlive/texmf-dist/tex/latex/fp/fp-random.sty
Package: fp-random 1995/02/23
\FPseed=\count148
)
(/usr/share/texlive/texmf-dist/tex/latex/fp/fp-eqn.sty
Package: fp-eqn 1995/04/03
)
(/usr/share/texlive/texmf-dist/tex/latex/fp/fp-upn.sty
Package: fp-upn 1996/10/21
)
(/usr/share/texlive/texmf-dist/tex/latex/fp/fp-eval.sty
Package: fp-eval 1995/04/03
))
\diagbox@boxa=\box46
\diagbox@boxb=\box47
\diagbox@boxm=\box48
\diagbox@wd=\dimen256
\diagbox@ht=\dimen257
\diagbox@insepl=\dimen258
\diagbox@insepr=\dimen259
\diagbox@outsepl=\dimen260
\diagbox@outsepr=\dimen261
)
(./Thesis_Preamble.tex
(/usr/share/texlive/texmf-dist/tex/generic/babel/babel.sty
Package: babel 2016/02/24 3.9q The Babel package

(/usr/share/texlive/texmf-dist/tex/generic/babel/luababel.def
\l@dumylang=\language1
\l@nohyphenation=\language2
\l@armenian=\language3
\l@farsi=\language4
\l@portuguese=\language5
\l@danish=\language6
\l@latvian=\language7
\l@telugu=\language8
\l@estonian=\language9
\l@ibycus=\language10
\l@icelandic=\language11
\l@uppersorbian=\language12
\l@bulgarian=\language13
\l@turkmen=\language14
\l@arabic=\language15
\l@latin=\language16
\l@swissgerman=\language17
\l@mongolianlmc=\language18
\l@croatian=\language19
\l@basque=\language20
\l@romansh=\language21
\l@marathi=\language22
\l@kannada=\language23
\l@lithuanian=\language24
\l@oriya=\language25
\l@polish=\language26
\l@kurmanji=\language27
\l@bokmal=\language28
\l@afrikaans=\language29
\l@french=\language30
\l@esperanto=\language31
\l@pinyin=\language32
\l@bengali=\language33
\l@piedmontese=\language34
\l@slovak=\language35
\l@usenglishmax=\language36
\l@classiclatin=\language37
\l@serbianc=\language38
\l@ancientgreek=\language39
\l@galician=\language40
\l@sanskrit=\language41
\l@mongolian=\language42
\l@ngerman=\language43
\l@malayalam=\language44
\l@serbian=\language45
\l@czech=\language46
\l@irish=\language47
\l@german-x-2014-05-21=\language48
\l@finnish=\language49
\l@turkish=\language50
\l@thai=\language51
\l@swedish=\language52
\l@indonesian=\language53
\l@nynorsk=\language54
\l@panjabi=\language55
\l@georgian=\language56
\l@german=\language57
\l@greek=\language58
\l@hungarian=\language59
\l@ethiopic=\language60
\l@ukrainian=\language61
\l@interlingua=\language62
\l@ukenglish=\language63
\l@dutch=\language64
\l@occitan=\language65
\l@italian=\language66
\l@spanish=\language67
\l@ngerman-x-2014-05-21=\language68
\l@friulan=\language69
\l@hindi=\language70
\l@russian=\language71
\l@gujarati=\language72
\l@catalan=\language73
\l@monogreek=\language74
\l@coptic=\language75
\l@tamil=\language76
\l@slovenian=\language77
\l@assamese=\language78
\l@romanian=\language79
\l@welsh=\language80
)
(/usr/share/texlive/texmf-dist/tex/generic/babel-english/english.ldf
Language: english 2012/08/20 v3.3p English support from the babel system

(/usr/share/texlive/texmf-dist/tex/generic/babel/babel.def
File: babel.def 2016/02/24 3.9q Babel common definitions
\babel@savecnt=\count149
\U@D=\dimen262

(/usr/share/texlive/texmf-dist/tex/generic/babel/luababel.def))
\l@canadian = a dialect from \language\l@american 
\l@australian = a dialect from \language\l@british 
\l@newzealand = a dialect from \language\l@british 
))
(/usr/share/texlive/texmf-dist/tex/latex/geometry/geometry.sty
Package: geometry 2010/09/12 v5.6 Page Geometry

(/usr/share/texlive/texmf-dist/tex/generic/oberdiek/ifpdf.sty
Package: ifpdf 2011/01/30 v2.3 Provides the ifpdf switch (HO)
Package ifpdf Info: pdfTeX in PDF mode is detected.
)
(/usr/share/texlive/texmf-dist/tex/generic/oberdiek/ifvtex.sty
Package: ifvtex 2010/03/01 v1.5 Detect VTeX and its facilities (HO)
Package ifvtex Info: VTeX not detected.
)
(/usr/share/texlive/texmf-dist/tex/generic/ifxetex/ifxetex.sty
Package: ifxetex 2010/09/12 v0.6 Provides ifxetex conditional
)
\Gm@cnth=\count150
\Gm@cntv=\count151
\c@Gm@tempcnt=\count152
\Gm@bindingoffset=\dimen263
\Gm@wd@mp=\dimen264
\Gm@odd@mp=\dimen265
\Gm@even@mp=\dimen266
\Gm@layoutwidth=\dimen267
\Gm@layoutheight=\dimen268
\Gm@layouthoffset=\dimen269
\Gm@layoutvoffset=\dimen270
\Gm@dimlist=\toks41
)
(/usr/share/texlive/texmf-dist/tex/latex/setspace/setspace.sty
Package: setspace 2011/12/19 v6.7a set line spacing
)
(/usr/share/texlive/texmf-dist/tex/latex/amscls/amsthm.sty
Package: amsthm 2015/03/04 v2.20.2
\thm@style=\toks42
\thm@bodyfont=\toks43
\thm@headfont=\toks44
\thm@notefont=\toks45
\thm@headpunct=\toks46
\thm@preskip=\skip53
\thm@postskip=\skip54
\thm@headsep=\skip55
\dth@everypar=\toks47
)
(/usr/share/texlive/texmf-dist/tex/latex/amsfonts/amsfonts.sty
Package: amsfonts 2013/01/14 v3.01 Basic AMSFonts support
\symAMSa=\mathgroup4
\symAMSb=\mathgroup5
LaTeX Font Info:    Overwriting math alphabet `\mathfrak' in version `bold'
(Font)                  U/euf/m/n --> U/euf/b/n on input line 106.
)
(/usr/share/texlive/texmf-dist/tex/latex/subfigure/subfigure.sty
Package: subfigure 2002/03/15 v2.1.5 subfigure package
\subfigtopskip=\skip56
\subfigcapskip=\skip57
\subfigcaptopadj=\dimen271
\subfigbottomskip=\skip58
\subfigcapmargin=\dimen272
\subfiglabelskip=\skip59
\c@subfigure=\count153
\c@lofdepth=\count154
\c@subtable=\count155
\c@lotdepth=\count156

****************************************
* Local config file subfigure.cfg used *
****************************************
(/usr/share/texlive/texmf-dist/tex/latex/subfigure/subfigure.cfg)
\subfig@top=\skip60
\subfig@bottom=\skip61
)
(/usr/share/texlive/texmf-dist/tex/latex/subfigmat/subfigmat.sty
Package: subfigmat 1999/02/27 v1.0 Subfigure Matrix Package
\sfm@width=\skip62
\sfmcolsep=\skip63
\c@sfm@count=\count157
)
(/usr/share/texlive/texmf-dist/tex/latex/tools/dcolumn.sty
Package: dcolumn 2014/10/28 v1.06 decimal alignment package (DPC)
)
(/usr/share/texlive/texmf-dist/tex/latex/nomencl/nomencl.sty
Package: nomencl 2005/09/22 v4.2 Nomenclature package (LN)
\nomlabelwidth=\dimen273
\nom@tempdim=\dimen274
\nomitemsep=\skip64
)
\@nomenclaturefile=\write4

\openout4 = Thesis.nlo

Writing nomenclature file Thesis.nlo
(/usr/share/texlive/texmf-dist/tex/latex/base/ifthen.sty
Package: ifthen 2014/09/29 v1.1c Standard LaTeX ifthen package (DPC)
) (./glossary.sty
Package: glossary 2006/07/20 2.4 (NLCT)
\gls@cols=\count158

No configuration file glossary.cfg found
(/usr/share/texlive/texmf-dist/tex/latex/tools/longtable.sty
Package: longtable 2014/10/28 v4.11 Multi-page Table package (DPC)
\LTleft=\skip65
\LTright=\skip66
\LTpre=\skip67
\LTpost=\skip68
\LTchunksize=\count159
\LTcapwidth=\dimen275
\LT@head=\box49
\LT@firsthead=\box50
\LT@foot=\box51
\LT@lastfoot=\box52
\LT@cols=\count160
\LT@rows=\count161
\c@LT@tables=\count162
\c@LT@chunks=\count163
\LT@p@ftn=\toks48
)
\descriptionwidth=\skip69
\istfile=\write5
)
\@glossaryfile=\write6

\openout6 = Thesis.glo

Writing glossary file Thesis.glo 
(/usr/share/texlive/texmf-dist/tex/latex/rotating/rotating.sty
Package: rotating 2009/03/28 v2.16a rotated objects in LaTeX
\c@r@tfl@t=\count164
\rotFPtop=\skip70
\rotFPbot=\skip71
\rot@float@box=\box53
\rot@mess@toks=\toks49
)
(/usr/share/texlive/texmf-dist/tex/latex/hyperref/hyperref.sty
Package: hyperref 2012/11/06 v6.83m Hypertext links for LaTeX

(/usr/share/texlive/texmf-dist/tex/generic/oberdiek/hobsub-hyperref.sty
Package: hobsub-hyperref 2012/05/28 v1.13 Bundle oberdiek, subset hyperref (HO)

(/usr/share/texlive/texmf-dist/tex/generic/oberdiek/hobsub-generic.sty
Package: hobsub-generic 2012/05/28 v1.13 Bundle oberdiek, subset generic (HO)
Package: hobsub 2012/05/28 v1.13 Construct package bundles (HO)
Package hobsub Info: Skipping package `infwarerr' (already loaded).
Package hobsub Info: Skipping package `ltxcmds' (already loaded).
Package hobsub Info: Skipping package `ifluatex' (already loaded).
Package hobsub Info: Skipping package `ifvtex' (already loaded).
Package: intcalc 2007/09/27 v1.1 Expandable calculations with integers (HO)
Package hobsub Info: Skipping package `ifpdf' (already loaded).
Package: etexcmds 2011/02/16 v1.5 Avoid name clashes with e-TeX commands (HO)
Package: kvsetkeys 2012/04/25 v1.16 Key value parser (HO)
Package: kvdefinekeys 2011/04/07 v1.3 Define keys (HO)
Package: luatex-loader 2010/03/09 v0.4 Lua module loader (HO)

(/usr/share/texlive/texmf-dist/scripts/oberdiek/oberdiek.luatex.lua)
Package: pdftexcmds 2011/11/29 v0.20 Utility functions of pdfTeX for LuaTeX (HO)

Package pdftexcmds Info: \pdf@primitive is available.
Package pdftexcmds Info: \pdf@ifprimitive is available.
Package pdftexcmds Info: \pdfdraftmode found.
\pdftexcmds@toks=\toks50
Package: pdfescape 2011/11/25 v1.13 Implements pdfTeX's escape features (HO)
Package: bigintcalc 2012/04/08 v1.3 Expandable calculations on big integers (HO)

Package: bitset 2011/01/30 v1.1 Handle bit-vector datatype (HO)
Package: uniquecounter 2011/01/30 v1.2 Provide unlimited unique counter (HO)
)
Package hobsub Info: Skipping package `hobsub' (already loaded).
Package: letltxmacro 2010/09/02 v1.4 Let assignment for LaTeX macros (HO)
Package: hopatch 2012/05/28 v1.2 Wrapper for package hooks (HO)
Package: xcolor-patch 2011/01/30 xcolor patch
Package: atveryend 2011/06/30 v1.8 Hooks at the very end of document (HO)
Package atveryend Info: \enddocument detected (standard20110627).
Package: atbegshi 2011/10/05 v1.16 At begin shipout hook (HO)
Package: refcount 2011/10/16 v3.4 Data extraction from label references (HO)
Package: hycolor 2011/01/30 v1.7 Color options for hyperref/bookmark (HO)
)
(/usr/share/texlive/texmf-dist/tex/latex/oberdiek/auxhook.sty
Package: auxhook 2011/03/04 v1.3 Hooks for auxiliary files (HO)
)
(/usr/share/texlive/texmf-dist/tex/latex/oberdiek/kvoptions.sty
Package: kvoptions 2011/06/30 v3.11 Key value format for package options (HO)
)
\@linkdim=\dimen276
\Hy@linkcounter=\count165
\Hy@pagecounter=\count166

(/usr/share/texlive/texmf-dist/tex/latex/hyperref/pd1enc.def
File: pd1enc.def 2012/11/06 v6.83m Hyperref: PDFDocEncoding definition (HO)
)
\Hy@SavedSpaceFactor=\count167

(/usr/share/texlive/texmf-dist/tex/latex/latexconfig/hyperref.cfg
File: hyperref.cfg 2002/06/06 v1.2 hyperref configuration of TeXLive
)
Package hyperref Info: Hyper figures OFF on input line 4443.
Package hyperref Info: Link nesting OFF on input line 4448.
Package hyperref Info: Hyper index ON on input line 4451.
Package hyperref Info: Plain pages OFF on input line 4458.
Package hyperref Info: Backreferencing OFF on input line 4463.
Package hyperref Info: Implicit mode ON; LaTeX internals redefined.
Package hyperref Info: Bookmarks ON on input line 4688.
\c@Hy@tempcnt=\count168

(/usr/share/texlive/texmf-dist/tex/latex/url/url.sty
\Urlmuskip=\muskip11
Package: url 2013/09/16  ver 3.4  Verb mode for urls, etc.
)
LaTeX Info: Redefining \url on input line 5041.
\XeTeXLinkMargin=\dimen277
\Fld@menulength=\count169
\Field@Width=\dimen278
\Fld@charsize=\dimen279
Package hyperref Info: Hyper figures OFF on input line 6295.
Package hyperref Info: Link nesting OFF on input line 6300.
Package hyperref Info: Hyper index ON on input line 6303.
Package hyperref Info: backreferencing OFF on input line 6310.
Package hyperref Info: Link coloring OFF on input line 6315.
Package hyperref Info: Link coloring with OCG OFF on input line 6320.
Package hyperref Info: PDF/A mode OFF on input line 6325.
LaTeX Info: Redefining \ref on input line 6365.
LaTeX Info: Redefining \pageref on input line 6369.
\Hy@abspage=\count170
\c@Item=\count171
\c@Hfootnote=\count172
)

Package hyperref Message: Driver: hpdftex.

(/usr/share/texlive/texmf-dist/tex/latex/hyperref/hpdftex.def
File: hpdftex.def 2012/11/06 v6.83m Hyperref driver for pdfTeX
\Fld@listcount=\count173
\c@bookmark@seq@number=\count174

(/usr/share/texlive/texmf-dist/tex/latex/oberdiek/rerunfilecheck.sty
Package: rerunfilecheck 2011/04/15 v1.7 Rerun checks for auxiliary files (HO)
Package uniquecounter Info: New unique counter `rerunfilecheck' on input line 28
2.
)
\Hy@SectionHShift=\skip72
)
Package hyperref Info: Option `colorlinks' set `true' on input line 394.


Package hyperref Warning: Option `pagecolor' is not available anymore.


Package hyperref Warning: Option `bookmarks' has already been used,
(hyperref)                setting the option has no effect on input line 394.

Package hyperref Info: Option `bookmarksopen' set `false' on input line 394.
Package hyperref Info: Option `bookmarksnumbered' set `true' on input line 394.
Package hyperref Info: Option `pdfdisplaydoctitle' set `true' on input line 394.

(/usr/share/texlive/texmf-dist/tex/latex/oberdiek/hypcap.sty
Package: hypcap 2011/02/16 v1.11 Adjusting the anchors of captions (HO)
)
(/usr/share/texlive/texmf-dist/tex/latex/natbib/natbib.sty
Package: natbib 2010/09/13 8.31b (PWD, AO)
\bibhang=\skip73
\bibsep=\skip74
LaTeX Info: Redefining \cite on input line 694.
\c@NAT@ctr=\count175
)
(/usr/share/texlive/texmf-dist/tex/latex/notoccite/notoccite.sty
Package: notoccite 2000/07/20
)
(/usr/share/texlive/texmf-dist/tex/latex/booktabs/booktabs.sty
Package: booktabs 2005/04/14 v1.61803 publication quality tables
\heavyrulewidth=\dimen280
\lightrulewidth=\dimen281
\cmidrulewidth=\dimen282
\belowrulesep=\dimen283
\belowbottomsep=\dimen284
\aboverulesep=\dimen285
\abovetopsep=\dimen286
\cmidrulesep=\dimen287
\cmidrulekern=\dimen288
\defaultaddspace=\dimen289
\@cmidla=\count176
\@cmidlb=\count177
\@aboverulesep=\dimen290
\@belowrulesep=\dimen291
\@thisruleclass=\count178
\@lastruleclass=\count179
\@thisrulewidth=\dimen292
)
(/usr/share/texlive/texmf-dist/tex/latex/pdfpages/pdfpages.sty
Package: pdfpages 2015/09/18 v0.5d Insert pages of external PDF documents (AM)

(/usr/share/texlive/texmf-dist/tex/latex/eso-pic/eso-pic.sty
Package: eso-pic 2015/07/21 v2.0g eso-pic (RN)
)
\AM@pagewidth=\dimen293
\AM@pageheight=\dimen294

(/usr/share/texlive/texmf-dist/tex/latex/pdfpages/ppluatex.def
File: ppluatex.def 2015/09/18 v0.5d Pdfpages driver for LuaTeX (AM)
)
\AM@pagebox=\box54
\AM@toc@title=\toks51
\c@AM@survey=\count180
\AM@templatesizebox=\box55
)) (./Thesis.aux

LaTeX Warning: Label `fig:CompGran_M' multiply defined.

)
\openout1 = Thesis.aux

LaTeX Font Info:    Checking defaults for OML/cmm/m/it on input line 90.
LaTeX Font Info:    ... okay on input line 90.
LaTeX Font Info:    Checking defaults for T1/cmr/m/n on input line 90.
LaTeX Font Info:    ... okay on input line 90.
LaTeX Font Info:    Checking defaults for OT1/cmr/m/n on input line 90.
LaTeX Font Info:    ... okay on input line 90.
LaTeX Font Info:    Checking defaults for OMS/cmsy/m/n on input line 90.
LaTeX Font Info:    ... okay on input line 90.
LaTeX Font Info:    Checking defaults for OMX/cmex/m/n on input line 90.
LaTeX Font Info:    ... okay on input line 90.
LaTeX Font Info:    Checking defaults for U/cmr/m/n on input line 90.
LaTeX Font Info:    ... okay on input line 90.
LaTeX Font Info:    Checking defaults for PD1/pdf/m/n on input line 90.
LaTeX Font Info:    ... okay on input line 90.
LaTeX Font Info:    Try loading font information for OT1+phv on input line 90.
 (/usr/share/texlive/texmf-dist/tex/latex/psnfss/ot1phv.fd
File: ot1phv.fd 2001/06/04 scalable font definitions for OT1/phv.
)
(/usr/share/texlive/texmf-dist/tex/context/base/supp-pdf.mkii
[Loading MPS to PDF converter (version 2006.09.02).]
\scratchcounter=\count181
\scratchdimen=\dimen295
\scratchbox=\box56
\nofMPsegments=\count182
\nofMParguments=\count183
\everyMPshowfont=\toks52
\MPscratchCnt=\count184
\MPscratchDim=\dimen296
\MPnumerator=\count185
\makeMPintoPDFobject=\count186
\everyMPtoPDFconversion=\toks53
) (/usr/share/texlive/texmf-dist/tex/latex/oberdiek/epstopdf-base.sty
Package: epstopdf-base 2010/02/09 v2.5 Base part for package epstopdf

(/usr/share/texlive/texmf-dist/tex/latex/oberdiek/grfext.sty
Package: grfext 2010/08/19 v1.1 Manage graphics extensions (HO)
)
Package grfext Info: Graphics extension search list:
(grfext)             [.png,.pdf,.jpg,.mps,.tif,.jpeg,.PNG,.PDF,.JPG,.JPEG,.eps]
(grfext)             \AppendGraphicsExtensions on input line 452.

(/usr/share/texlive/texmf-dist/tex/latex/latexconfig/epstopdf-sys.cfg
File: epstopdf-sys.cfg 2010/07/13 v1.3 Configuration of (r)epstopdf for TeX Live

))
Package caption Info: Begin \AtBeginDocument code.
Package caption Info: hyperref package is loaded.
Package caption Info: hypcap package is loaded.
Package caption Info: longtable package is loaded.

(/usr/share/texlive/texmf-dist/tex/latex/caption/ltcaption.sty
Package: ltcaption 2013/06/09 v1.4-94 longtable captions (AR)
)
Package caption Info: rotating package is loaded.
Package caption Info: subfigure package is loaded.
Package caption Info: wrapfig package is loaded.
Package caption Info: End \AtBeginDocument code.

ABD: EveryShipout initializing macros
*geometry* driver: auto-detecting
*geometry* detected driver: pdftex

Package geometry Warning: The marginal notes overrun the paper.
     Add 50.86812pt and more to the right margin.

*geometry* verbose mode - [ preamble ] result:
* driver: pdftex
* paper: a4paper
* layout: <same size as paper>
* layoutoffset:(h,v)=(0.0pt,0.0pt)
* modes: twoside 
* h-part:(L,W,R)=(71.13188pt, 455.24411pt, 71.13188pt)
* v-part:(T,H,B)=(71.13188pt, 702.78308pt, 71.13188pt)
* \paperwidth=597.50787pt
* \paperheight=845.04684pt
* \textwidth=455.24411pt
* \textheight=702.78308pt
* \oddsidemargin=-1.1381pt
* \evensidemargin=-1.1381pt
* \topmargin=-38.1381pt
* \headheight=12.0pt
* \headsep=25.0pt
* \topskip=10.0pt
* \footskip=30.0pt
* \marginparwidth=111.0pt
* \marginparsep=11.0pt
* \columnsep=10.0pt
* \skip\footins=9.0pt plus 4.0pt minus 2.0pt
* \hoffset=0.0pt
* \voffset=0.0pt
* \mag=1000
* \@twocolumnfalse
* \@twosidetrue
* \@mparswitchtrue
* \@reversemarginfalse
* (1in=72.27pt=25.4mm, 1cm=28.453pt)

\AtBeginShipoutBox=\box57
Package hyperref Info: Link coloring ON on input line 90.
(/usr/share/texlive/texmf-dist/tex/latex/hyperref/nameref.sty
Package: nameref 2012/10/27 v2.43 Cross-referencing by name of section

(/usr/share/texlive/texmf-dist/tex/generic/oberdiek/gettitlestring.sty
Package: gettitlestring 2010/12/03 v1.4 Cleanup title references (HO)
)
\c@section@level=\count187
)
LaTeX Info: Redefining \ref on input line 90.
LaTeX Info: Redefining \pageref on input line 90.
LaTeX Info: Redefining \nameref on input line 90.

(./Thesis.out) (./Thesis.out)
\@outlinefile=\write7

\openout7 = Thesis.out

(/usr/share/texlive/texmf-dist/tex/latex/oberdiek/pdflscape.sty
Package: pdflscape 2008/08/11 v0.10 Display of landscape pages in PDF (HO)
Package pdflscape Info: Auto-detected driver: pdftex on input line 80.
)
(./Thesis_FrontCover.tex

Package pdftex.def Warning: Option `bb' does not make sense,
(pdftex.def)                using `viewport' instead on input line 15.

<IST_A_CMYK_POS.pdf, id=252, 845.0471pt x 597.51233pt>
File: IST_A_CMYK_POS.pdf Graphic file (type pdf)

<use IST_A_CMYK_POS.pdf>
Package pdftex.def Info: IST_A_CMYK_POS.pdf used on input line 15.
(pdftex.def)             Requested size: -78.38533pt x -90.76195pt.
LaTeX Font Info:    Try loading font information for T1+phv on input line 27.

(/usr/share/texlive/texmf-dist/tex/latex/psnfss/t1phv.fd
File: t1phv.fd 2001/06/04 scalable font definitions for T1/phv.
)
LaTeX Font Info:    Try loading font information for U+msa on input line 39.

(/usr/share/texlive/texmf-dist/tex/latex/amsfonts/umsa.fd
File: umsa.fd 2013/01/14 v3.01 AMS symbols A
)
LaTeX Font Info:    Try loading font information for U+msb on input line 39.

(/usr/share/texlive/texmf-dist/tex/latex/amsfonts/umsb.fd
File: umsb.fd 2013/01/14 v3.01 AMS symbols B
)) [1


\openout5 = Thesis.ist
{/var/lib/texmf/fonts/map/pdftex/updmap/pdftex.map}<./IST_A_CMYK_POS.pdf>] [2

]
(./Thesis_Acknowledgements.tex
LaTeX Font Info:    Font shape `OT1/phv/bx/n' in size <14.4> not available
(Font)              Font shape `OT1/phv/b/n' tried instead on input line 11.
) [3] (./Thesis_Resumo.tex
LaTeX Font Info:    Font shape `OT1/phv/bx/n' in size <10> not available
(Font)              Font shape `OT1/phv/b/n' tried instead on input line 20.
) [4

Missing character: There is no รก (U+00E1) in font phvr7t!
]
(./Thesis_Abstract.tex) [5

] [6

]
LaTeX Font Info:    Font shape `OT1/phv/bx/n' in size <24.88> not available
(Font)              Font shape `OT1/phv/b/n' tried instead on input line 131.
 (./Thesis.toc [7

] [8])
\tf@toc=\write8

\openout8 = Thesis.toc
 [9] [10

] (./Thesis.lot
Underfull \vbox (badness 10000) has occurred while \output is active []

 [11

]
Overfull \hbox (5.5284pt too wide) in paragraph at lines 20--20
 [][][] [][][]\OT1/phv/m/n/10 Sig-nif-i-cances achieved with the AT-LAS and FCC
-hh de-tec-tor con-fig-u-ra-tions for $\OMS/cmsy/m/n/10 L \OT1/cmr/m/n/10 = 30 
[][]$ 
 []

)
\tf@lot=\write9

\openout9 = Thesis.lot
 [12] (./Thesis.lof
Overfull \hbox (12.627pt too wide) in paragraph at lines 16--16
 \OT1/phv/m/n/10 HCAL(ECAL) $\OT1/cmr/m/n/10 0\OML/cmm/m/it/10 :\OT1/cmr/m/n/10
 05(0\OML/cmm/m/it/10 :\OT1/cmr/m/n/10 012) \OML/cmm/m/it/10  \OMS/cmsy/m/n/10
  \OT1/cmr/m/n/10 2\OML/cmm/m/it/10 :\OT1/cmr/m/n/10 8(0\OML/cmm/m/it/10 :\OT1
/cmr/m/n/10 7) [] \OML/cmm/m/it/10 $ \OT1/phv/m/n/10 and HCAL(ECAL) $\OT1/cmr/
m/n/10 0\OML/cmm/m/it/10 :\OT1/cmr/m/n/10 025(0\OML/cmm/m/it/10 :\OT1/cmr/m/n/1
0 006) \OML/cmm/m/it/10  \OMS/cmsy/m/n/10  \OT1/cmr/m/n/10 1\OML/cmm/m/it/10 
:\OT1/cmr/m/n/10 4(0\OML/cmm/m/it/10 :\OT1/cmr/m/n/10 35) [] \OML/cmm/m/it/10 
$\OT1/phv/m/n/10 . 
 []

[13


] [14])
\tf@lof=\write10

\openout10 = Thesis.lof
 [15] (./Thesis_Glossary.tex) (./Thesis.gls) [16


]
(./Thesis_Introduction.tex
Chapter 1.
LaTeX Font Info:    Font shape `OT1/phv/bx/n' in size <20.74> not available
(Font)              Font shape `OT1/phv/b/n' tried instead on input line 11.

Underfull \vbox (badness 1348) has occurred while \output is active []

 [1


]
[2]) [3] (./Thesis_SM.tex
Chapter 2.

Underfull \vbox (badness 1033) has occurred while \output is active []

 [4


]
<./Figures/SM_CERN.png, id=740, 803.0pt x 602.25pt>
File: ./Figures/SM_CERN.png Graphic file (type png)

<use ./Figures/SM_CERN.png>
Package pdftex.def Info: ./Figures/SM_CERN.png used on input line 43.
(pdftex.def)             Requested size: 364.19667pt x 263.11789pt.
 [5<./Figures/SM_CERN.png>]
Underfull \vbox (badness 1490) has occurred while \output is active []

 [6]
<./Figures/HiggsV_noEWSB.png, id=782, 416.5161pt x 401.5803pt>
File: ./Figures/HiggsV_noEWSB.png Graphic file (type png)

<use ./Figures/HiggsV_noEWSB.png>
Package pdftex.def Info: ./Figures/HiggsV_noEWSB.png used on input line 144.
(pdftex.def)             Requested size: 227.62206pt x 172.8177pt.

<./Figures/HiggsV_EWSB.png, id=784, 416.5161pt x 401.5803pt>
File: ./Figures/HiggsV_EWSB.png Graphic file (type png)

<use ./Figures/HiggsV_EWSB.png>
Package pdftex.def Info: ./Figures/HiggsV_EWSB.png used on input line 148.
(pdftex.def)             Requested size: 227.62206pt x 172.8177pt.
LaTeX Font Info:    Font shape `OT1/phv/m/it' in size <10> not available
(Font)              Font shape `OT1/phv/m/sl' tried instead on input line 169.

Underfull \vbox (badness 10000) has occurred while \output is active []

 [7]
[8<./Figures/HiggsV_noEWSB.png><./Figures/HiggsV_EWSB.png>] [9]
LaTeX Font Info:    Font shape `OT1/phv/bx/n' in size <12> not available
(Font)              Font shape `OT1/phv/b/n' tried instead on input line 312.
 [10] [11]
[12] <./Figures/HH-xsec.png, id=899, 484.81125pt x 330.23375pt>
File: ./Figures/HH-xsec.png Graphic file (type png)

<use ./Figures/HH-xsec.png>
Package pdftex.def Info: ./Figures/HH-xsec.png used on input line 426.
(pdftex.def)             Requested size: 318.66948pt x 217.07312pt.
 [13<./Figures/HH-xsec.png>]
<Figures/SM_MSSM.jpg, id=916, 569.0058pt x 232.4685pt>
File: Figures/SM_MSSM.jpg Graphic file (type jpg)

<use Figures/SM_MSSM.jpg>
Package pdftex.def Info: Figures/SM_MSSM.jpg used on input line 471.
(pdftex.def)             Requested size: 455.24411pt x 185.98923pt.
 [14<./Figures/SM_MSSM.jpg>] [15]
<./Figures/graviton.png, id=943, 369.2997pt x 208.8603pt>
File: ./Figures/graviton.png Graphic file (type png)

<use ./Figures/graviton.png>
Package pdftex.def Info: ./Figures/graviton.png used on input line 505.
(pdftex.def)             Requested size: 159.33473pt x 90.11093pt.

<./Figures/susy.png, id=945, 444.2196pt x 196.0926pt>
File: ./Figures/susy.png Graphic file (type png)
 <use ./Figures/susy.png>
Package pdftex.def Info: ./Figures/susy.png used on input line 509.
(pdftex.def)             Requested size: 227.62206pt x 93.19179pt.
)
[16<./Figures/graviton.png><./Figures/susy.png>] (./Thesis_Exp.tex
Chapter 3.
[17


] [18] [19]
Overfull \hbox (3.28152pt too wide) in paragraph at lines 106--108
[][]\OT1/phv/m/n/10 The de-tec-tor con-sists of an in-ner de-tec-tor (ID) or tr
acker, elec-tro-mag-netic (EM) and hadronic calorime-
 []

[20] <./Figures/ATLASsvg3.png, id=1028, 845.40843pt x 597.73312pt>
File: ./Figures/ATLASsvg3.png Graphic file (type png)

<use ./Figures/ATLASsvg3.png>
Package pdftex.def Info: ./Figures/ATLASsvg3.png used on input line 148.
(pdftex.def)             Requested size: 455.24411pt x 268.24367pt.
 [21] [22<./Figures/ATLASsvg3.png>] [23] [24]
[25]
LaTeX Font Info:    Try loading font information for OMS+phv on input line 288.
 (/usr/share/texlive/texmf-dist/tex/latex/psnfss/omsphv.fd
File: omsphv.fd 
)
LaTeX Font Info:    Font shape `OMS/phv/m/n' in size <10> not available
(Font)              Font shape `OMS/cmsy/m/n' tried instead on input line 288.
 [26] [27]
[28] <./Figures/FCCsvg1.png, id=1139, 845.40843pt x 597.73312pt>
File: ./Figures/FCCsvg1.png Graphic file (type png)

<use ./Figures/FCCsvg1.png>
Package pdftex.def Info: ./Figures/FCCsvg1.png used on input line 385.
(pdftex.def)             Requested size: 455.24411pt x 265.05037pt.
 [29]) [30<./Figures/FCCsvg1.png>]
(./Thesis_state.tex
Chapter 4.
[31


] <./Figures/CMS_spin0_exc.png, id=1183, 698.61pt x 473.77pt>
File: ./Figures/CMS_spin0_exc.png Graphic file (type png)

<use ./Figures/CMS_spin0_exc.png>
Package pdftex.def Info: ./Figures/CMS_spin0_exc.png used on input line 63.
(pdftex.def)             Requested size: 227.62206pt x 154.3638pt.

<./Figures/ATLASmH.png, id=1184, 569.12625pt x 408.52625pt>
File: ./Figures/ATLASmH.png Graphic file (type png)

<use ./Figures/ATLASmH.png>
Package pdftex.def Info: ./Figures/ATLASmH.png used on input line 67.
(pdftex.def)             Requested size: 227.62206pt x 163.3889pt.
 [32] [33<./Figures/CMS_spin0_exc.png><./Figures/ATLASmH.png>] <./Figures/hcal_
gran_doubleK1.png, id=1214, 465.6597pt x 337.26pt>
File: ./Figures/hcal_gran_doubleK1.png Graphic file (type png)

<use ./Figures/hcal_gran_doubleK1.png>
Package pdftex.def Info: ./Figures/hcal_gran_doubleK1.png used on input line 112
.
(pdftex.def)             Requested size: 227.62206pt x 159.29428pt.

<./Figures/hcal_gran_doubleK2.png, id=1216, 449.7603pt x 313.17pt>
File: ./Figures/hcal_gran_doubleK2.png Graphic file (type png)

<use ./Figures/hcal_gran_doubleK2.png>
Package pdftex.def Info: ./Figures/hcal_gran_doubleK2.png used on input line 116
.
(pdftex.def)             Requested size: 227.62206pt x 158.49603pt.
 [34] [35<./Figures/hcal_gran_doubleK1.png><./Figures/hcal_gran_doubleK2.png>]
<./Figures/hcal_gran_jet_mass.png, id=1252, 1300.86pt x 578.16pt>
File: ./Figures/hcal_gran_jet_mass.png Graphic file (type png)

<use ./Figures/hcal_gran_jet_mass.png>
Package pdftex.def Info: ./Figures/hcal_gran_jet_mass.png used on input line 144
.
(pdftex.def)             Requested size: 455.24411pt x 202.33257pt.

<./Figures/hcal_gran_tau32.png, id=1255, 1035.87pt x 457.71pt>
File: ./Figures/hcal_gran_tau32.png Graphic file (type png)

<use ./Figures/hcal_gran_tau32.png>
Package pdftex.def Info: ./Figures/hcal_gran_tau32.png used on input line 160.
(pdftex.def)             Requested size: 455.24411pt x 201.15556pt.

<./Figures/overlap.png, id=1258, 1124.2803pt x 305.2203pt>
File: ./Figures/overlap.png Graphic file (type png)

<use ./Figures/overlap.png>
Package pdftex.def Info: ./Figures/overlap.png used on input line 177.
(pdftex.def)             Requested size: 455.24411pt x 123.59026pt.
) [36<./Figures/hcal_gran_jet_mass.png>] [37<./Figures/hcal_gran_tau32.png><./Fi
gures/overlap.png>] (./Thesis_Tools.tex
Chapter 5.

Overfull \hbox (0.99069pt too wide) in paragraph at lines 26--27
\OT1/phv/m/n/10 show-er-ing and hadroniza-tion are sim-u-lated us-ing Pythia 8 
[[]] and the de-tec-tor re-sponse is parametrized
 []

[38


] [39]
Overfull \hbox (2.08298pt too wide) in paragraph at lines 61--62
[]\OT1/phv/m/n/10 FCC soft-ware (FCCSW) [[]], com-mon to all FCC stud-ies (elec
tron-electron, electron-hadron and hadron-
 []


Underfull \vbox (badness 2828) has occurred while \output is active []

 [40]
[41]
Underfull \vbox (badness 10000) has occurred while \output is active []

 [42]
[43] [44]
Underfull \hbox (badness 10000) in paragraph at lines 248--248
[][]|$[]$
 []


Underfull \hbox (badness 10000) in paragraph at lines 248--249
[][]|$[]$
 []

) [45] [46] (./Thesis_analysis.tex
Chapter 6.

Package hyperref Warning: Token not allowed in a PDF string (PDFDocEncoding):
(hyperref)                removing `math shift' on input line 14.


Package hyperref Warning: Token not allowed in a PDF string (PDFDocEncoding):
(hyperref)                removing `\rightarrow' on input line 14.


Package hyperref Warning: Token not allowed in a PDF string (PDFDocEncoding):
(hyperref)                removing `\@@overline' on input line 14.


Package hyperref Warning: Token not allowed in a PDF string (PDFDocEncoding):
(hyperref)                removing `\@@overline' on input line 14.


Package hyperref Warning: Token not allowed in a PDF string (PDFDocEncoding):
(hyperref)                removing `math shift' on input line 14.

<./Figures/hhBR.png, id=1395, 554.07pt x 473.8503pt>
File: ./Figures/hhBR.png Graphic file (type png)
 <use ./Figures/hhBR.png>
Package pdftex.def Info: ./Figures/hhBR.png used on input line 23.
(pdftex.def)             Requested size: 204.85846pt x 175.19894pt.

<./Figures/boosted1.png, id=1396, 778.8297pt x 385.44pt>
File: ./Figures/boosted1.png Graphic file (type png)

<use ./Figures/boosted1.png>
Package pdftex.def Info: ./Figures/boosted1.png used on input line 27.
(pdftex.def)             Requested size: 250.38564pt x 184.61504pt.
 [47


] [48<./Figures/boosted1.png><./Figures/hhBR.png>] <./Figures/hist_hh_deltaPhi.
pdf, id=1433, 569.12625pt x 385.44pt>
File: ./Figures/hist_hh_deltaPhi.pdf Graphic file (type pdf)

<use ./Figures/hist_hh_deltaPhi.pdf>
Package pdftex.def Info: ./Figures/hist_hh_deltaPhi.pdf used on input line 103.
(pdftex.def)             Requested size: 227.62206pt x 154.15562pt.

<./Figures/hist_deltaR_bb_pt.pdf, id=1434, 569.12625pt x 385.44pt>
File: ./Figures/hist_deltaR_bb_pt.pdf Graphic file (type pdf)

<use ./Figures/hist_deltaR_bb_pt.pdf>
Package pdftex.def Info: ./Figures/hist_deltaR_bb_pt.pdf used on input line 109.

(pdftex.def)             Requested size: 227.62206pt x 154.15562pt.
 [49]
Underfull \vbox (badness 4378) has occurred while \output is active []

 [50<./Figures/hist_hh_deltaPhi.pdf><./Figures/hist_deltaR_bb_pt.pdf>]
<./Figures/hist_h1_pt.pdf, id=1552, 569.12625pt x 385.44pt>
File: ./Figures/hist_h1_pt.pdf Graphic file (type pdf)

<use ./Figures/hist_h1_pt.pdf>
Package pdftex.def Info: ./Figures/hist_h1_pt.pdf used on input line 286.
(pdftex.def)             Requested size: 227.62206pt x 159.33119pt.

<./Figures/hist_h2_pt.pdf, id=1554, 569.12625pt x 385.44pt>
File: ./Figures/hist_h2_pt.pdf Graphic file (type pdf)

<use ./Figures/hist_h2_pt.pdf>
Package pdftex.def Info: ./Figures/hist_h2_pt.pdf used on input line 292.
(pdftex.def)             Requested size: 227.62206pt x 159.33119pt.

<./Figures/hist_h1_eta.pdf, id=1556, 569.12625pt x 385.44pt>
File: ./Figures/hist_h1_eta.pdf Graphic file (type pdf)

<use ./Figures/hist_h1_eta.pdf>
Package pdftex.def Info: ./Figures/hist_h1_eta.pdf used on input line 313.
(pdftex.def)             Requested size: 227.62206pt x 159.33119pt.

<./Figures/hist_h1_softdrop_M.pdf, id=1558, 569.12625pt x 385.44pt>
File: ./Figures/hist_h1_softdrop_M.pdf Graphic file (type pdf)

<use ./Figures/hist_h1_softdrop_M.pdf>
Package pdftex.def Info: ./Figures/hist_h1_softdrop_M.pdf used on input line 319
.
(pdftex.def)             Requested size: 227.62206pt x 159.33119pt.

<./Figures/hist_hh_deltaEta.pdf, id=1560, 569.12625pt x 385.44pt>
File: ./Figures/hist_hh_deltaEta.pdf Graphic file (type pdf)

<use ./Figures/hist_hh_deltaEta.pdf>
Package pdftex.def Info: ./Figures/hist_hh_deltaEta.pdf used on input line 340.
(pdftex.def)             Requested size: 227.62206pt x 159.33119pt.

<./Figures/hist_h1_tau21.pdf, id=1562, 569.12625pt x 385.44pt>
File: ./Figures/hist_h1_tau21.pdf Graphic file (type pdf)

<use ./Figures/hist_h1_tau21.pdf>
Package pdftex.def Info: ./Figures/hist_h1_tau21.pdf used on input line 346.
(pdftex.def)             Requested size: 227.62206pt x 159.33119pt.

Underfull \vbox (badness 3838) has occurred while \output is active []

 [51]
[52<./Figures/hist_h1_pt.pdf><./Figures/hist_h2_pt.pdf><./Figures/hist_h1_eta.pd
f><./Figures/hist_h1_softdrop_M.pdf><./Figures/hist_hh_deltaEta.pdf><./Figures/h
ist_h1_tau21.pdf>]
<./Figures/deltaR_bsubjet.pdf, id=1858, 569.12625pt x 385.44pt>
File: ./Figures/deltaR_bsubjet.pdf Graphic file (type pdf)

<use ./Figures/deltaR_bsubjet.pdf>
Package pdftex.def Info: ./Figures/deltaR_bsubjet.pdf used on input line 401.
(pdftex.def)             Requested size: 227.62206pt x 154.15562pt.
 [53<./Figures/deltaR_bsubjet.pdf>]
Underfull \vbox (badness 1127) has occurred while \output is active []

 [54]
<./Figures/hist_h1_pt_stack.pdf, id=1928, 569.12625pt x 385.44pt>
File: ./Figures/hist_h1_pt_stack.pdf Graphic file (type pdf)

<use ./Figures/hist_h1_pt_stack.pdf>
Package pdftex.def Info: ./Figures/hist_h1_pt_stack.pdf used on input line 467.
(pdftex.def)             Requested size: 227.62206pt x 159.33119pt.

<./Figures/hist_h2_pt_stack.pdf, id=1930, 569.12625pt x 385.44pt>
File: ./Figures/hist_h2_pt_stack.pdf Graphic file (type pdf)

<use ./Figures/hist_h2_pt_stack.pdf>
Package pdftex.def Info: ./Figures/hist_h2_pt_stack.pdf used on input line 473.
(pdftex.def)             Requested size: 227.62206pt x 159.33119pt.

<./Figures/hist_hh_pt_stack.pdf, id=1932, 569.12625pt x 385.44pt>
File: ./Figures/hist_hh_pt_stack.pdf Graphic file (type pdf)

<use ./Figures/hist_hh_pt_stack.pdf>
Package pdftex.def Info: ./Figures/hist_hh_pt_stack.pdf used on input line 494.
(pdftex.def)             Requested size: 227.62206pt x 159.33119pt.

<./Figures/hist_h1_tau21_stack.pdf, id=1934, 569.12625pt x 385.44pt>
File: ./Figures/hist_h1_tau21_stack.pdf Graphic file (type pdf)

<use ./Figures/hist_h1_tau21_stack.pdf>
Package pdftex.def Info: ./Figures/hist_h1_tau21_stack.pdf used on input line 50
0.
(pdftex.def)             Requested size: 227.62206pt x 159.33119pt.

<./Figures/hist_h1_FW2_stack.pdf, id=1936, 569.12625pt x 385.44pt>
File: ./Figures/hist_h1_FW2_stack.pdf Graphic file (type pdf)

<use ./Figures/hist_h1_FW2_stack.pdf>
Package pdftex.def Info: ./Figures/hist_h1_FW2_stack.pdf used on input line 521.

(pdftex.def)             Requested size: 227.62206pt x 159.33119pt.

<./Figures/hist_h1_softdrop_M_stack.pdf, id=1938, 569.12625pt x 385.44pt>
File: ./Figures/hist_h1_softdrop_M_stack.pdf Graphic file (type pdf)

<use ./Figures/hist_h1_softdrop_M_stack.pdf>
Package pdftex.def Info: ./Figures/hist_h1_softdrop_M_stack.pdf used on input li
ne 527.
(pdftex.def)             Requested size: 227.62206pt x 159.33119pt.
 [55<./Figures/hist_h1_pt_stack.pdf><./Figures/hist_h2_pt_stack.pdf>] [56<./Figu
res/hist_hh_pt_stack.pdf><./Figures/hist_h1_tau21_stack.pdf><./Figures/hist_h1_F
W2_stack.pdf><./Figures/hist_h1_softdrop_M_stack.pdf>]
Overfull \hbox (39.0655pt too wide) in paragraph at lines 578--579
\OT1/phv/m/n/10 with re-spect to the base-line anal-y-sis. This per-cent-age is
 cal-cu-lated as $\OT1/cmr/m/n/10 (((\OML/cmm/m/it/10 S=[]\OT1/cmr/m/n/10 )[] \
OMS/cmsy/m/n/10   \OT1/cmr/m/n/10 (\OML/cmm/m/it/10 S=[]\OT1/cmr/m/n/10 )[])\OM
L/cmm/m/it/10 =\OT1/cmr/m/n/10 (\OML/cmm/m/it/10 S=[]\OT1/cmr/m/n/10 )[]) \OMS/
cmsy/m/n/10 
 []

<./Figures/SSB_h1_pt.pdf, id=2246, 569.12625pt x 385.44pt>
File: ./Figures/SSB_h1_pt.pdf Graphic file (type pdf)

<use ./Figures/SSB_h1_pt.pdf>
Package pdftex.def Info: ./Figures/SSB_h1_pt.pdf used on input line 584.
(pdftex.def)             Requested size: 227.62206pt x 158.92538pt.

<./Figures/SSB_h2_pt.pdf, id=2248, 569.12625pt x 385.44pt>
File: ./Figures/SSB_h2_pt.pdf Graphic file (type pdf)

<use ./Figures/SSB_h2_pt.pdf>
Package pdftex.def Info: ./Figures/SSB_h2_pt.pdf used on input line 590.
(pdftex.def)             Requested size: 227.62206pt x 158.92538pt.

<./Figures/SSB_hh_pt.pdf, id=2250, 569.12625pt x 385.44pt>
File: ./Figures/SSB_hh_pt.pdf Graphic file (type pdf)

<use ./Figures/SSB_hh_pt.pdf>
Package pdftex.def Info: ./Figures/SSB_hh_pt.pdf used on input line 611.
(pdftex.def)             Requested size: 227.62206pt x 158.92538pt.

<./Figures/SSB_h1_tau21.pdf, id=2252, 569.12625pt x 385.44pt>
File: ./Figures/SSB_h1_tau21.pdf Graphic file (type pdf)

<use ./Figures/SSB_h1_tau21.pdf>
Package pdftex.def Info: ./Figures/SSB_h1_tau21.pdf used on input line 617.
(pdftex.def)             Requested size: 227.62206pt x 159.33119pt.

<./Figures/SSB_hh_deltaEta.pdf, id=2254, 569.12625pt x 385.44pt>
File: ./Figures/SSB_hh_deltaEta.pdf Graphic file (type pdf)

<use ./Figures/SSB_hh_deltaEta.pdf>
Package pdftex.def Info: ./Figures/SSB_hh_deltaEta.pdf used on input line 638.
(pdftex.def)             Requested size: 227.62206pt x 158.92538pt.

<./Figures/SSB_h1_FW2.pdf, id=2256, 569.12625pt x 385.44pt>
File: ./Figures/SSB_h1_FW2.pdf Graphic file (type pdf)

<use ./Figures/SSB_h1_FW2.pdf>
Package pdftex.def Info: ./Figures/SSB_h1_FW2.pdf used on input line 644.
(pdftex.def)             Requested size: 227.62206pt x 158.92538pt.

Underfull \vbox (badness 2582) has occurred while \output is active []

 [57]
[58<./Figures/SSB_h1_pt.pdf><./Figures/SSB_h2_pt.pdf><./Figures/SSB_hh_pt.pdf><.
/Figures/SSB_h1_tau21.pdf><./Figures/SSB_hh_deltaEta.pdf><./Figures/SSB_h1_FW2.p
df>] [59]) [60] (./Thesis_Results.tex
Chapter 7.
[61


] [62] [63] [64] [65] <./Figures/M.pdf, id=2621, 569.12625pt x 385.44pt>
File: ./Figures/M.pdf Graphic file (type pdf)

<use ./Figures/M.pdf>
Package pdftex.def Info: ./Figures/M.pdf used on input line 220.
(pdftex.def)             Requested size: 227.62206pt x 158.51369pt.
 <./Figures/MCALO.pdf, id=2623, 569.12625pt x 385.44pt>
File: ./Figures/MCALO.pdf Graphic file (type pdf)

<use ./Figures/MCALO.pdf>
Package pdftex.def Info: ./Figures/MCALO.pdf used on input line 226.
(pdftex.def)             Requested size: 227.62206pt x 158.51369pt.

<./Figures/Mhh_after.pdf, id=2625, 569.12625pt x 385.44pt>
File: ./Figures/Mhh_after.pdf Graphic file (type pdf)

<use ./Figures/Mhh_after.pdf>
Package pdftex.def Info: ./Figures/Mhh_after.pdf used on input line 247.
(pdftex.def)             Requested size: 227.62206pt x 154.15562pt.

<./Figures/MhhX_after.pdf, id=2626, 569.12625pt x 385.44pt>
File: ./Figures/MhhX_after.pdf Graphic file (type pdf)

<use ./Figures/MhhX_after.pdf>
Package pdftex.def Info: ./Figures/MhhX_after.pdf used on input line 256.
(pdftex.def)             Requested size: 227.62206pt x 158.51369pt.

<./Figures/Mhh2HDM_after.pdf, id=2628, 569.12625pt x 385.44pt>
File: ./Figures/Mhh2HDM_after.pdf Graphic file (type pdf)

<use ./Figures/Mhh2HDM_after.pdf>
Package pdftex.def Info: ./Figures/Mhh2HDM_after.pdf used on input line 262.
(pdftex.def)             Requested size: 227.62206pt x 158.51369pt.

<./Figures/tau21.pdf, id=2630, 569.12625pt x 385.44pt>
File: ./Figures/tau21.pdf Graphic file (type pdf)

<use ./Figures/tau21.pdf>
Package pdftex.def Info: ./Figures/tau21.pdf used on input line 285.
(pdftex.def)             Requested size: 227.62206pt x 159.33119pt.

<./Figures/tau21CALO.pdf, id=2632, 569.12625pt x 385.44pt>
File: ./Figures/tau21CALO.pdf Graphic file (type pdf)

<use ./Figures/tau21CALO.pdf>
Package pdftex.def Info: ./Figures/tau21CALO.pdf used on input line 289.
(pdftex.def)             Requested size: 227.62206pt x 159.33119pt.

<./Figures/EffvsGran_PFjets.pdf, id=2634, 569.12625pt x 385.44pt>
File: ./Figures/EffvsGran_PFjets.pdf Graphic file (type pdf)

<use ./Figures/EffvsGran_PFjets.pdf>
Package pdftex.def Info: ./Figures/EffvsGran_PFjets.pdf used on input line 323.
(pdftex.def)             Requested size: 227.62206pt x 158.92538pt.

<./Figures/EffvsGran_CALOjets.pdf, id=2636, 569.12625pt x 385.44pt>
File: ./Figures/EffvsGran_CALOjets.pdf Graphic file (type pdf)

<use ./Figures/EffvsGran_CALOjets.pdf>
Package pdftex.def Info: ./Figures/EffvsGran_CALOjets.pdf used on input line 327
.
(pdftex.def)             Requested size: 227.62206pt x 158.92538pt.

<./Figures/SSBvsGran_SM.pdf, id=2638, 569.12625pt x 385.44pt>
File: ./Figures/SSBvsGran_SM.pdf Graphic file (type pdf)

<use ./Figures/SSBvsGran_SM.pdf>
Package pdftex.def Info: ./Figures/SSBvsGran_SM.pdf used on input line 346.
(pdftex.def)             Requested size: 227.62206pt x 158.92538pt.

<./Figures/SSBvsGran_DM.pdf, id=2640, 569.12625pt x 385.44pt>
File: ./Figures/SSBvsGran_DM.pdf Graphic file (type pdf)

<use ./Figures/SSBvsGran_DM.pdf>
Package pdftex.def Info: ./Figures/SSBvsGran_DM.pdf used on input line 350.
(pdftex.def)             Requested size: 227.62206pt x 158.92538pt.

<./Figures/SSBvsGran_2HDM.pdf, id=2642, 569.12625pt x 385.44pt>
File: ./Figures/SSBvsGran_2HDM.pdf Graphic file (type pdf)

<use ./Figures/SSBvsGran_2HDM.pdf>
Package pdftex.def Info: ./Figures/SSBvsGran_2HDM.pdf used on input line 367.
(pdftex.def)             Requested size: 227.62206pt x 154.15562pt.
) [66] [67<./Figures/M.pdf><./Figures/MCALO.pdf><./Figures/MhhX_after.pdf><./Fig
ures/Mhh2HDM_after.pdf><./Figures/Mhh_after.pdf>] [68<./Figures/tau21.pdf><./Fig
ures/tau21CALO.pdf><./Figures/EffvsGran_PFjets.pdf><./Figures/EffvsGran_CALOjets
.pdf>] [69<./Figures/SSBvsGran_SM.pdf><./Figures/SSBvsGran_DM.pdf><./Figures/SSB
vsGran_2HDM.pdf>] (./Thesis_Conclusions.tex
Chapter 8.
[70


]) [71] (./Thesis.bbl [72


Missing character: There is no รฑ (U+00F1) in font phvr7t!
] [73] [74] [75]
Underfull \hbox (badness 2818) in paragraph at lines 404--409
[][]\OT1/phv/m/n/10 C. Helsens.  Fcc/he-lhc physics/per-for-mance stud-ies to-w
ards the cdr.  \OT1/phv/m/sc/10 url: [][]$\OT1/cmtt/m/n/10 https :
 []


Underfull \hbox (badness 10000) in paragraph at lines 404--409
\OT1/cmtt/m/n/10 / / indico . cern . ch / event / 675588 / contributions / 2765
045 / attachments / 1572548 / 2484309 /
 []


Underfull \hbox (badness 1521) in paragraph at lines 417--422
[][]\OT1/phv/m/n/10 J. Fal-tova.  Elec-tro-mag-netic calorime-ter us-ing lar te
ch-nol-ogy for fcc-hh.  \OT1/phv/m/sc/10 url: [][]$\OT1/cmtt/m/n/10 https :
 []


Underfull \hbox (badness 10000) in paragraph at lines 417--422
\OT1/cmtt/m/n/10 / / indico . cern . ch / event / 556692 / contributions / 2465
166 / attachments / 1468150 / 2272205 /
 []


Underfull \hbox (badness 1845) in paragraph at lines 432--438
\OT1/phv/m/n/10 per-i-ment.  \OT1/phv/m/sc/10 url: [][]$\OT1/cmtt/m/n/10 https 
: / / indico . ihep . ac . cn / event / 6387 / session / 14 / contribution / 11
7 /
 []

[76
Missing character: There is no โ (U+2013) in font phvr7t!
Missing character: There is no รผ (U+00FC) in font phvr7t!
Missing character: There is no รถ (U+00F6) in font phvr7t!
Missing character: There is no รผ (U+00FC) in font phvr7t!
] [77] [78
Missing character: There is no รฎ (U+00EE) in font phvr7t!
]) [79
Missing character: There is no รฅ (U+00E5) in font phvr7t!
] (./Thesis_Appendix_A.tex
Appendix A.
<./Figures/deltaR.pdf, id=3345, 569.12625pt x 385.44pt>
File: ./Figures/deltaR.pdf Graphic file (type pdf)

<use ./Figures/deltaR.pdf>
Package pdftex.def Info: ./Figures/deltaR.pdf used on input line 35.
(pdftex.def)             Requested size: 227.62206pt x 154.15562pt.
) [80


<./Figures/deltaR.pdf>] (./Thesis_Appendix_B.tex
Appendix B.
) [81


] (./Thesis_Appendix_C.tex
Appendix C.
<./Figures/hist_M_deltaRmax_jetb_corr.pdf, id=3405, 569.12625pt x 385.44pt>
File: ./Figures/hist_M_deltaRmax_jetb_corr.pdf Graphic file (type pdf)

<use ./Figures/hist_M_deltaRmax_jetb_corr.pdf>
Package pdftex.def Info: ./Figures/hist_M_deltaRmax_jetb_corr.pdf used on input 
line 22.
(pdftex.def)             Requested size: 227.62206pt x 154.15562pt.
) [82


<./Figures/hist_M_deltaRmax_jetb_corr.pdf>] (./Thesis_Appendix_D.tex
Appendix D.

Underfull \hbox (badness 10000) in paragraph at lines 27--27
[][]|\OT1/phv/m/n/10 SM hh
 []


Underfull \hbox (badness 10000) in paragraph at lines 27--27
[][]|\OT1/phv/m/n/10 4b+j
 []


Underfull \hbox (badness 10000) in paragraph at lines 27--27
[][]|\OT1/phv/m/n/10 4b+j
 []


Overfull \hbox (0.594pt too wide) in paragraph at lines 27--27
\OT1/phv/m/n/10 (QCD+EWK)| 
 []


Underfull \hbox (badness 10000) in paragraph at lines 27--27
[][]|\OT1/phv/m/n/10 4b+j
 []


Overfull \hbox (4.54315pt too wide) in paragraph at lines 31--31
[][]|$\OT1/cmr/m/n/10 0\OML/cmm/m/it/10 :\OT1/cmr/m/n/10 4; 0\OML/cmm/m/it/10 :
\OT1/cmr/m/n/10 1; 0\OML/cmm/m/it/10 :\OT1/cmr/m/n/10 3$| 
 []


Overfull \hbox (4.54315pt too wide) in paragraph at lines 31--31
[][]|$\OT1/cmr/m/n/10 0\OML/cmm/m/it/10 :\OT1/cmr/m/n/10 4; 0\OML/cmm/m/it/10 :
\OT1/cmr/m/n/10 2; 0\OML/cmm/m/it/10 :\OT1/cmr/m/n/10 4$| 
 []


Overfull \hbox (2.53903pt too wide) in paragraph at lines 31--31
[][]|$\OT1/cmr/m/n/10 0; 0\OML/cmm/m/it/10 :\OT1/cmr/m/n/10 001; 0\OML/cmm/m/it
/10 :\OT1/cmr/m/n/10 001$| 
 []


Overfull \hbox (24.34396pt too wide) in paragraph at lines 25--37
 [][][] 
 []


LaTeX Warning: `h' float specifier changed to `ht'.


Underfull \hbox (badness 10000) in paragraph at lines 52--52
[][]|\OT1/phv/m/n/10 Rel-e-vant
 []


LaTeX Warning: `h' float specifier changed to `ht'.

) [83


] [84] (./Thesis_Appendix_E.tex
Appendix E.
[85


] [86]) (./Thesis_Appendix_F.tex
Appendix F.
<./Figures/hist_h2_tau21_stack.pdf, id=3480, 569.12625pt x 385.44pt>
File: ./Figures/hist_h2_tau21_stack.pdf Graphic file (type pdf)

<use ./Figures/hist_h2_tau21_stack.pdf>
Package pdftex.def Info: ./Figures/hist_h2_tau21_stack.pdf used on input line 18
.
(pdftex.def)             Requested size: 227.62206pt x 159.33119pt.
) [87




] [88<./Figures/hist_h2_tau21_stack.pdf>]
Package atveryend Info: Empty hook `BeforeClearDocument' on input line 302.
Package atveryend Info: Empty hook `AfterLastShipout' on input line 302.
 (./Thesis.aux)
Package atveryend Info: Executing hook `AtVeryEndDocument' on input line 302.
Package atveryend Info: Executing hook `AtEndAfterFileList' on input line 302.
Package rerunfilecheck Info: File `Thesis.out' has not changed.
(rerunfilecheck)             Checksum: 63A13D1CC4908B0CF16A8933E7653EB3;4406.


LaTeX Warning: There were multiply-defined labels.

Package atveryend Info: Empty hook `AtVeryVeryEnd' on input line 302.
)

Here is how much of LuaTeX's memory you used:
 28275 strings out of 495004
 100000,794899 words of node,token memory allocated
 1567 words of node memory still in use:
   6 hlist, 2 vlist, 2 rule, 2 glue, 48 kern, 53 glue_spec, 55 action, 2 write n
odes
   avail lists: 1:7,2:41,3:2543,4:5528,5:681,6:5086,7:425,8:63,9:1097,10:443
 29680 multiletter control sequences out of 65536+600000
 109 fonts using 4290923 bytes
 60i,18n,98p,1790b,1648s stack positions out of 5000i,500n,10000p,200000b,100000s
{/usr/share/texlive/texmf-dist/fonts/enc/dvips/base/8r.enc}<</usr/share/texlive/
texmf-dist/fonts/type1/public/amsfonts/cm/cmex10.pfb><</usr/share/texlive/texmf-
dist/fonts/type1/public/amsfonts/cm/cmmi10.pfb><</usr/share/texlive/texmf-dist/f
onts/type1/public/amsfonts/cm/cmmi12.pfb><</usr/share/texlive/texmf-dist/fonts/t
ype1/public/amsfonts/cm/cmmi5.pfb><</usr/share/texlive/texmf-dist/fonts/type1/pu
blic/amsfonts/cm/cmmi6.pfb><</usr/share/texlive/texmf-dist/fonts/type1/public/am
sfonts/cm/cmmi7.pfb><</usr/share/texlive/texmf-dist/fonts/type1/public/amsfonts/
cm/cmmi8.pfb><</usr/share/texlive/texmf-dist/fonts/type1/public/amsfonts/cm/cmr1
0.pfb><</usr/share/texlive/texmf-dist/fonts/type1/public/amsfonts/cm/cmr5.pfb><<
/usr/share/texlive/texmf-dist/fonts/type1/public/amsfonts/cm/cmr7.pfb><</usr/sha
re/texlive/texmf-dist/fonts/type1/public/amsfonts/cm/cmr8.pfb><</usr/share/texli
ve/texmf-dist/fonts/type1/public/amsfonts/cm/cmsy10.pfb><</usr/share/texlive/tex
mf-dist/fonts/type1/public/amsfonts/cm/cmsy5.pfb><</usr/share/texlive/texmf-dist
/fonts/type1/public/amsfonts/cm/cmsy7.pfb><</usr/share/texlive/texmf-dist/fonts/
type1/public/amsfonts/cm/cmsy8.pfb><</usr/share/texlive/texmf-dist/fonts/type1/p
ublic/amsfonts/cm/cmtt10.pfb><</usr/share/texlive/texmf-dist/fonts/type1/public/
amsfonts/symbols/msam7.pfb><</usr/share/texlive/texmf-dist/fonts/type1/public/am
sfonts/symbols/msbm10.pfb><</usr/share/texlive/texmf-dist/fonts/type1/urw/helvet
ic/uhvb8a.pfb><</usr/share/texlive/texmf-dist/fonts/type1/urw/helvetic/uhvr8a.pf
b><</usr/share/texlive/texmf-dist/fonts/type1/urw/helvetic/uhvro8a.pfb>
Output written on Thesis.pdf (104 pages, 11155556 bytes).

PDF statistics: 3624 PDF objects out of 4296 (max. 8388607)
 2440 compressed objects within 25 object streams
 401 named destinations out of 1000 (max. 131072)
 732 words of extra memory for PDF output out of 10000 (max. 10000000)

