This is LuaTeX, Version beta-0.80.0 (TeX Live 2015/Debian) (rev 5238)  (format=lualatex 2017.11.27)  4 OCT 2018 09:59
 restricted \write18 enabled.
**ExtendedAbstract.tex
(./ExtendedAbstract.tex
LaTeX2e <2016/02/01>
Babel <3.9q> and hyphenation patterns for 1 language(s) loaded.
(/usr/share/texlive/texmf-dist/tex/latex/base/article.cls
Document Class: article 2014/09/29 v1.4h Standard LaTeX document class
(/usr/share/texlive/texmf-dist/tex/latex/base/size10.clo
File: size10.clo 2014/09/29 v1.4h Standard LaTeX file (size option)
)
\c@part=\count79
\c@section=\count80
\c@subsection=\count81
\c@subsubsection=\count82
\c@paragraph=\count83
\c@subparagraph=\count84
\c@figure=\count85
\c@table=\count86
\abovecaptionskip=\skip41
\belowcaptionskip=\skip42
\bibindent=\dimen102
)
(/usr/share/texlive/texmf-dist/tex/latex/base/inputenc.sty
Package: inputenc 2015/03/17 v1.2c Input encoding file
\inpenc@prehook=\toks14
\inpenc@posthook=\toks15


Package inputenc Warning: inputenc package ignored with utf8 based engines.

) (/usr/share/texlive/texmf-dist/tex/generic/babel/babel.sty
Package: babel 2016/02/24 3.9q The Babel package

(/usr/share/texlive/texmf-dist/tex/generic/babel/luababel.def
\l@dumylang=\language1
\l@nohyphenation=\language2
\l@armenian=\language3
\l@farsi=\language4
\l@portuguese=\language5
\l@danish=\language6
\l@latvian=\language7
\l@telugu=\language8
\l@estonian=\language9
\l@ibycus=\language10
\l@icelandic=\language11
\l@uppersorbian=\language12
\l@bulgarian=\language13
\l@turkmen=\language14
\l@arabic=\language15
\l@latin=\language16
\l@swissgerman=\language17
\l@mongolianlmc=\language18
\l@croatian=\language19
\l@basque=\language20
\l@romansh=\language21
\l@marathi=\language22
\l@kannada=\language23
\l@lithuanian=\language24
\l@oriya=\language25
\l@polish=\language26
\l@kurmanji=\language27
\l@bokmal=\language28
\l@afrikaans=\language29
\l@french=\language30
\l@esperanto=\language31
\l@pinyin=\language32
\l@bengali=\language33
\l@piedmontese=\language34
\l@slovak=\language35
\l@usenglishmax=\language36
\l@classiclatin=\language37
\l@serbianc=\language38
\l@ancientgreek=\language39
\l@galician=\language40
\l@sanskrit=\language41
\l@mongolian=\language42
\l@ngerman=\language43
\l@malayalam=\language44
\l@serbian=\language45
\l@czech=\language46
\l@irish=\language47
\l@german-x-2014-05-21=\language48
\l@finnish=\language49
\l@turkish=\language50
\l@thai=\language51
\l@swedish=\language52
\l@indonesian=\language53
\l@nynorsk=\language54
\l@panjabi=\language55
\l@georgian=\language56
\l@german=\language57
\l@greek=\language58
\l@hungarian=\language59
\l@ethiopic=\language60
\l@ukrainian=\language61
\l@interlingua=\language62
\l@ukenglish=\language63
\l@dutch=\language64
\l@occitan=\language65
\l@italian=\language66
\l@spanish=\language67
\l@ngerman-x-2014-05-21=\language68
\l@friulan=\language69
\l@hindi=\language70
\l@russian=\language71
\l@gujarati=\language72
\l@catalan=\language73
\l@monogreek=\language74
\l@coptic=\language75
\l@tamil=\language76
\l@slovenian=\language77
\l@assamese=\language78
\l@romanian=\language79
\l@welsh=\language80
)
(/usr/share/texlive/texmf-dist/tex/generic/babel-english/english.ldf
Language: english 2012/08/20 v3.3p English support from the babel system

(/usr/share/texlive/texmf-dist/tex/generic/babel/babel.def
File: babel.def 2016/02/24 3.9q Babel common definitions
\babel@savecnt=\count87
\U@D=\dimen103

(/usr/share/texlive/texmf-dist/tex/generic/babel/luababel.def))
\l@canadian = a dialect from \language\l@american 
\l@australian = a dialect from \language\l@british 
\l@newzealand = a dialect from \language\l@british 
))
(/usr/share/texlive/texmf-dist/tex/latex/caption/caption.sty
Package: caption 2016/02/21 v3.3-144 Customizing captions (AR)

(/usr/share/texlive/texmf-dist/tex/latex/caption/caption3.sty
Package: caption3 2016/02/04 v1.7-139 caption3 kernel (AR)
Package caption3 Info: TeX engine: e-TeX on input line 67.

(/usr/share/texlive/texmf-dist/tex/latex/graphics/keyval.sty
Package: keyval 2014/10/28 v1.15 key=value parser (DPC)
\KV@toks@=\toks16
)
\captionmargin=\dimen104
\captionmargin@=\dimen105
\captionwidth=\dimen106
\caption@tempdima=\dimen107
\caption@indent=\dimen108
\caption@parindent=\dimen109
\caption@hangindent=\dimen110
)
\c@ContinuedFloat=\count88
)
(/usr/share/texlive/texmf-dist/tex/latex/xcolor/xcolor.sty
Package: xcolor 2007/01/21 v2.11 LaTeX color extensions (UK)

(/usr/share/texlive/texmf-dist/tex/latex/latexconfig/color.cfg
File: color.cfg 2007/01/18 v1.5 color configuration of teTeX/TeXLive
)
Package xcolor Info: Driver file: pdftex.def on input line 225.

(/usr/share/texlive/texmf-dist/tex/latex/pdftex-def/pdftex.def
File: pdftex.def 2011/05/27 v0.06d Graphics/color for pdfTeX

(/usr/share/texlive/texmf-dist/tex/generic/oberdiek/infwarerr.sty
Package: infwarerr 2010/04/08 v1.3 Providing info/warning/error messages (HO)
)
(/usr/share/texlive/texmf-dist/tex/generic/oberdiek/ltxcmds.sty
Package: ltxcmds 2011/11/09 v1.22 LaTeX kernel commands for general use (HO)
)
\Gread@gobject=\count89
)
(/usr/share/texlive/texmf-dist/tex/latex/colortbl/colortbl.sty
Package: colortbl 2012/02/13 v1.0a Color table columns (DPC)

(/usr/share/texlive/texmf-dist/tex/latex/tools/array.sty
Package: array 2014/10/28 v2.4c Tabular extension package (FMi)
\col@sep=\dimen111
\extrarowheight=\dimen112
\NC@list=\toks17
\extratabsurround=\skip43
\backup@length=\skip44
)
\everycr=\toks18
\minrowclearance=\skip45
)
\rownum=\count90
Package xcolor Info: Model `cmy' substituted by `cmy0' on input line 1337.
Package xcolor Info: Model `hsb' substituted by `rgb' on input line 1341.
Package xcolor Info: Model `RGB' extended on input line 1353.
Package xcolor Info: Model `HTML' substituted by `rgb' on input line 1355.
Package xcolor Info: Model `Hsb' substituted by `hsb' on input line 1356.
Package xcolor Info: Model `tHsb' substituted by `hsb' on input line 1357.
Package xcolor Info: Model `HSB' substituted by `hsb' on input line 1358.
Package xcolor Info: Model `Gray' substituted by `gray' on input line 1359.
Package xcolor Info: Model `wave' substituted by `hsb' on input line 1360.
)
(/usr/share/texlive/texmf-dist/tex/latex/multirow/multirow.sty
\bigstrutjot=\dimen113
)
(/usr/share/texlive/texmf-dist/tex/latex/tools/hhline.sty
Package: hhline 2014/10/28 v2.03 Table rule package (DPC)
)
(/usr/share/texlive/texmf-dist/tex/latex/booktabs/booktabs.sty
Package: booktabs 2005/04/14 v1.61803 publication quality tables
\heavyrulewidth=\dimen114
\lightrulewidth=\dimen115
\cmidrulewidth=\dimen116
\belowrulesep=\dimen117
\belowbottomsep=\dimen118
\aboverulesep=\dimen119
\abovetopsep=\dimen120
\cmidrulesep=\dimen121
\cmidrulekern=\dimen122
\defaultaddspace=\dimen123
\@cmidla=\count91
\@cmidlb=\count92
\@aboverulesep=\dimen124
\@belowrulesep=\dimen125
\@thisruleclass=\count93
\@lastruleclass=\count94
\@thisrulewidth=\dimen126
)
(/usr/share/texlive/texmf-dist/tex/latex/pgf/frontendlayer/tikz.sty
(/usr/share/texlive/texmf-dist/tex/latex/pgf/basiclayer/pgf.sty
(/usr/share/texlive/texmf-dist/tex/latex/pgf/utilities/pgfrcs.sty
(/usr/share/texlive/texmf-dist/tex/generic/pgf/utilities/pgfutil-common.tex
\pgfutil@everybye=\toks19
\pgfutil@tempdima=\dimen127
\pgfutil@tempdimb=\dimen128

(/usr/share/texlive/texmf-dist/tex/generic/pgf/utilities/pgfutil-common-lists.t
ex)) (/usr/share/texlive/texmf-dist/tex/generic/pgf/utilities/pgfutil-latex.def
\pgfutil@abb=\box26
(/usr/share/texlive/texmf-dist/tex/latex/ms/everyshi.sty
Package: everyshi 2001/05/15 v3.00 EveryShipout Package (MS)
))
(/usr/share/texlive/texmf-dist/tex/generic/pgf/utilities/pgfrcs.code.tex
Package: pgfrcs 2015/08/07 v3.0.1a (rcs-revision 1.31)
))
Package: pgf 2015/08/07 v3.0.1a (rcs-revision 1.15)

(/usr/share/texlive/texmf-dist/tex/latex/pgf/basiclayer/pgfcore.sty
(/usr/share/texlive/texmf-dist/tex/latex/graphics/graphicx.sty
Package: graphicx 2014/10/28 v1.0g Enhanced LaTeX Graphics (DPC,SPQR)

(/usr/share/texlive/texmf-dist/tex/latex/graphics/graphics.sty
Package: graphics 2016/01/03 v1.0q Standard LaTeX Graphics (DPC,SPQR)

(/usr/share/texlive/texmf-dist/tex/latex/graphics/trig.sty
Package: trig 2016/01/03 v1.10 sin cos tan (DPC)
)
(/usr/share/texlive/texmf-dist/tex/latex/latexconfig/graphics.cfg
File: graphics.cfg 2010/04/23 v1.9 graphics configuration of TeX Live
)
Package graphics Info: Driver file: pdftex.def on input line 95.
)
\Gin@req@height=\dimen129
\Gin@req@width=\dimen130
)
(/usr/share/texlive/texmf-dist/tex/latex/pgf/systemlayer/pgfsys.sty
(/usr/share/texlive/texmf-dist/tex/generic/pgf/systemlayer/pgfsys.code.tex
Package: pgfsys 2014/07/09 v3.0.1a (rcs-revision 1.48)

(/usr/share/texlive/texmf-dist/tex/generic/pgf/utilities/pgfkeys.code.tex
\pgfkeys@pathtoks=\toks20
\pgfkeys@temptoks=\toks21

(/usr/share/texlive/texmf-dist/tex/generic/pgf/utilities/pgfkeysfiltered.code.t
ex
\pgfkeys@tmptoks=\toks22
))
\pgf@x=\dimen131
\pgf@y=\dimen132
\pgf@xa=\dimen133
\pgf@ya=\dimen134
\pgf@xb=\dimen135
\pgf@yb=\dimen136
\pgf@xc=\dimen137
\pgf@yc=\dimen138
\w@pgf@writea=\write3
\r@pgf@reada=\read1
\c@pgf@counta=\count95
\c@pgf@countb=\count96
\c@pgf@countc=\count97
\c@pgf@countd=\count98
\t@pgf@toka=\toks23
\t@pgf@tokb=\toks24
\t@pgf@tokc=\toks25
 (/usr/share/texlive/texmf-dist/tex/generic/pgf/systemlayer/pgf.cfg
File: pgf.cfg 2008/05/14  (rcs-revision 1.7)
)
Driver file for pgf: pgfsys-pdftex.def

(/usr/share/texlive/texmf-dist/tex/generic/pgf/systemlayer/pgfsys-pdftex.def
File: pgfsys-pdftex.def 2014/10/11  (rcs-revision 1.35)

(/usr/share/texlive/texmf-dist/tex/generic/pgf/systemlayer/pgfsys-common-pdf.de
f
File: pgfsys-common-pdf.def 2013/10/10  (rcs-revision 1.13)
)))
(/usr/share/texlive/texmf-dist/tex/generic/pgf/systemlayer/pgfsyssoftpath.code.
tex
File: pgfsyssoftpath.code.tex 2013/09/09  (rcs-revision 1.9)
\pgfsyssoftpath@smallbuffer@items=\count99
\pgfsyssoftpath@bigbuffer@items=\count100
)
(/usr/share/texlive/texmf-dist/tex/generic/pgf/systemlayer/pgfsysprotocol.code.
tex
File: pgfsysprotocol.code.tex 2006/10/16  (rcs-revision 1.4)
))
(/usr/share/texlive/texmf-dist/tex/generic/pgf/basiclayer/pgfcore.code.tex
Package: pgfcore 2010/04/11 v3.0.1a (rcs-revision 1.7)

(/usr/share/texlive/texmf-dist/tex/generic/pgf/math/pgfmath.code.tex
(/usr/share/texlive/texmf-dist/tex/generic/pgf/math/pgfmathcalc.code.tex
(/usr/share/texlive/texmf-dist/tex/generic/pgf/math/pgfmathutil.code.tex)
(/usr/share/texlive/texmf-dist/tex/generic/pgf/math/pgfmathparser.code.tex
\pgfmath@dimen=\dimen139
\pgfmath@count=\count101
\pgfmath@box=\box27
\pgfmath@toks=\toks26
\pgfmath@stack@operand=\toks27
\pgfmath@stack@operation=\toks28
)
(/usr/share/texlive/texmf-dist/tex/generic/pgf/math/pgfmathfunctions.code.tex
(/usr/share/texlive/texmf-dist/tex/generic/pgf/math/pgfmathfunctions.basic.code
.tex)
(/usr/share/texlive/texmf-dist/tex/generic/pgf/math/pgfmathfunctions.trigonomet
ric.code.tex)
(/usr/share/texlive/texmf-dist/tex/generic/pgf/math/pgfmathfunctions.random.cod
e.tex)
(/usr/share/texlive/texmf-dist/tex/generic/pgf/math/pgfmathfunctions.comparison
.code.tex)
(/usr/share/texlive/texmf-dist/tex/generic/pgf/math/pgfmathfunctions.base.code.
tex)
(/usr/share/texlive/texmf-dist/tex/generic/pgf/math/pgfmathfunctions.round.code
.tex)
(/usr/share/texlive/texmf-dist/tex/generic/pgf/math/pgfmathfunctions.misc.code.
tex)
(/usr/share/texlive/texmf-dist/tex/generic/pgf/math/pgfmathfunctions.integerari
thmetics.code.tex)))
(/usr/share/texlive/texmf-dist/tex/generic/pgf/math/pgfmathfloat.code.tex
\c@pgfmathroundto@lastzeros=\count102
))
(/usr/share/texlive/texmf-dist/tex/generic/pgf/basiclayer/pgfcorepoints.code.te
x
File: pgfcorepoints.code.tex 2013/10/07  (rcs-revision 1.27)
\pgf@picminx=\dimen140
\pgf@picmaxx=\dimen141
\pgf@picminy=\dimen142
\pgf@picmaxy=\dimen143
\pgf@pathminx=\dimen144
\pgf@pathmaxx=\dimen145
\pgf@pathminy=\dimen146
\pgf@pathmaxy=\dimen147
\pgf@xx=\dimen148
\pgf@xy=\dimen149
\pgf@yx=\dimen150
\pgf@yy=\dimen151
\pgf@zx=\dimen152
\pgf@zy=\dimen153
)
(/usr/share/texlive/texmf-dist/tex/generic/pgf/basiclayer/pgfcorepathconstruct.
code.tex
File: pgfcorepathconstruct.code.tex 2013/10/07  (rcs-revision 1.29)
\pgf@path@lastx=\dimen154
\pgf@path@lasty=\dimen155
)
(/usr/share/texlive/texmf-dist/tex/generic/pgf/basiclayer/pgfcorepathusage.code
.tex
File: pgfcorepathusage.code.tex 2014/11/02  (rcs-revision 1.24)
\pgf@shorten@end@additional=\dimen156
\pgf@shorten@start@additional=\dimen157
)
(/usr/share/texlive/texmf-dist/tex/generic/pgf/basiclayer/pgfcorescopes.code.te
x
File: pgfcorescopes.code.tex 2015/05/08  (rcs-revision 1.46)
\pgfpic=\box28
\pgf@hbox=\box29
\pgf@layerbox@main=\box30
\pgf@picture@serial@count=\count103
)
(/usr/share/texlive/texmf-dist/tex/generic/pgf/basiclayer/pgfcoregraphicstate.c
ode.tex
File: pgfcoregraphicstate.code.tex 2014/11/02  (rcs-revision 1.12)
\pgflinewidth=\dimen158
)
(/usr/share/texlive/texmf-dist/tex/generic/pgf/basiclayer/pgfcoretransformation
s.code.tex
File: pgfcoretransformations.code.tex 2015/08/07  (rcs-revision 1.20)
\pgf@pt@x=\dimen159
\pgf@pt@y=\dimen160
\pgf@pt@temp=\dimen161
)
(/usr/share/texlive/texmf-dist/tex/generic/pgf/basiclayer/pgfcorequick.code.tex
File: pgfcorequick.code.tex 2008/10/09  (rcs-revision 1.3)
)
(/usr/share/texlive/texmf-dist/tex/generic/pgf/basiclayer/pgfcoreobjects.code.t
ex
File: pgfcoreobjects.code.tex 2006/10/11  (rcs-revision 1.2)
)
(/usr/share/texlive/texmf-dist/tex/generic/pgf/basiclayer/pgfcorepathprocessing
.code.tex
File: pgfcorepathprocessing.code.tex 2013/09/09  (rcs-revision 1.9)
)
(/usr/share/texlive/texmf-dist/tex/generic/pgf/basiclayer/pgfcorearrows.code.te
x
File: pgfcorearrows.code.tex 2015/05/14  (rcs-revision 1.43)
\pgfarrowsep=\dimen162
)
(/usr/share/texlive/texmf-dist/tex/generic/pgf/basiclayer/pgfcoreshade.code.tex
File: pgfcoreshade.code.tex 2013/07/15  (rcs-revision 1.15)
\pgf@max=\dimen163
\pgf@sys@shading@range@num=\count104
)
(/usr/share/texlive/texmf-dist/tex/generic/pgf/basiclayer/pgfcoreimage.code.tex
File: pgfcoreimage.code.tex 2013/07/15  (rcs-revision 1.18)

(/usr/share/texlive/texmf-dist/tex/generic/pgf/basiclayer/pgfcoreexternal.code.
tex
File: pgfcoreexternal.code.tex 2014/07/09  (rcs-revision 1.21)
\pgfexternal@startupbox=\box31
))
(/usr/share/texlive/texmf-dist/tex/generic/pgf/basiclayer/pgfcorelayers.code.te
x
File: pgfcorelayers.code.tex 2013/07/18  (rcs-revision 1.7)
)
(/usr/share/texlive/texmf-dist/tex/generic/pgf/basiclayer/pgfcoretransparency.c
ode.tex
File: pgfcoretransparency.code.tex 2013/09/30  (rcs-revision 1.5)
)
(/usr/share/texlive/texmf-dist/tex/generic/pgf/basiclayer/pgfcorepatterns.code.
tex
File: pgfcorepatterns.code.tex 2013/11/07  (rcs-revision 1.5)
)))
(/usr/share/texlive/texmf-dist/tex/generic/pgf/modules/pgfmoduleshapes.code.tex
File: pgfmoduleshapes.code.tex 2014/03/21  (rcs-revision 1.35)
\pgfnodeparttextbox=\box32
) (/usr/share/texlive/texmf-dist/tex/generic/pgf/modules/pgfmoduleplot.code.tex
File: pgfmoduleplot.code.tex 2015/08/03  (rcs-revision 1.13)
)
(/usr/share/texlive/texmf-dist/tex/latex/pgf/compatibility/pgfcomp-version-0-65
.sty
Package: pgfcomp-version-0-65 2007/07/03 v3.0.1a (rcs-revision 1.7)
\pgf@nodesepstart=\dimen164
\pgf@nodesepend=\dimen165
)
(/usr/share/texlive/texmf-dist/tex/latex/pgf/compatibility/pgfcomp-version-1-18
.sty
Package: pgfcomp-version-1-18 2007/07/23 v3.0.1a (rcs-revision 1.1)
)) (/usr/share/texlive/texmf-dist/tex/latex/pgf/utilities/pgffor.sty
(/usr/share/texlive/texmf-dist/tex/latex/pgf/utilities/pgfkeys.sty
(/usr/share/texlive/texmf-dist/tex/generic/pgf/utilities/pgfkeys.code.tex))
(/usr/share/texlive/texmf-dist/tex/latex/pgf/math/pgfmath.sty
(/usr/share/texlive/texmf-dist/tex/generic/pgf/math/pgfmath.code.tex))
(/usr/share/texlive/texmf-dist/tex/generic/pgf/utilities/pgffor.code.tex
Package: pgffor 2013/12/13 v3.0.1a (rcs-revision 1.25)

(/usr/share/texlive/texmf-dist/tex/generic/pgf/math/pgfmath.code.tex)
\pgffor@iter=\dimen166
\pgffor@skip=\dimen167
\pgffor@stack=\toks29
\pgffor@toks=\toks30
))
(/usr/share/texlive/texmf-dist/tex/generic/pgf/frontendlayer/tikz/tikz.code.tex
Package: tikz 2015/08/07 v3.0.1a (rcs-revision 1.151)

(/usr/share/texlive/texmf-dist/tex/generic/pgf/libraries/pgflibraryplothandlers
.code.tex
File: pgflibraryplothandlers.code.tex 2013/08/31 v3.0.1a (rcs-revision 1.20)
\pgf@plot@mark@count=\count105
\pgfplotmarksize=\dimen168
)
\tikz@lastx=\dimen169
\tikz@lasty=\dimen170
\tikz@lastxsaved=\dimen171
\tikz@lastysaved=\dimen172
\tikzleveldistance=\dimen173
\tikzsiblingdistance=\dimen174
\tikz@figbox=\box33
\tikz@figbox@bg=\box34
\tikz@tempbox=\box35
\tikz@tempbox@bg=\box36
\tikztreelevel=\count106
\tikznumberofchildren=\count107
\tikznumberofcurrentchild=\count108
\tikz@fig@count=\count109

(/usr/share/texlive/texmf-dist/tex/generic/pgf/modules/pgfmodulematrix.code.tex
File: pgfmodulematrix.code.tex 2013/09/17  (rcs-revision 1.8)
\pgfmatrixcurrentrow=\count110
\pgfmatrixcurrentcolumn=\count111
\pgf@matrix@numberofcolumns=\count112
)
\tikz@expandcount=\count113

(/usr/share/texlive/texmf-dist/tex/generic/pgf/frontendlayer/tikz/libraries/tik
zlibrarytopaths.code.tex
File: tikzlibrarytopaths.code.tex 2008/06/17 v3.0.1a (rcs-revision 1.2)
)))
(/usr/share/texlive/texmf-dist/tex/latex/tikz-feynman/tikz-feynman.sty
Package: tikz-feynman 2016/02/05v1.1.0Feynman diagrams with TikZ

(/usr/share/texlive/texmf-dist/tex/generic/oberdiek/ifluatex.sty
Package: ifluatex 2010/03/01 v1.3 Provides the ifluatex switch (HO)
Package ifluatex Info: LuaTeX detected.
)
(/usr/share/texlive/texmf-dist/tex/latex/pgfopts/pgfopts.sty
Package: pgfopts 2014/07/10 v2.1a LaTeX package options with pgfkeys
\pgfopts@list@add@a@toks=\toks31
\pgfopts@list@add@b@toks=\toks32
)
(/usr/share/texlive/texmf-dist/tex/latex/tikz-feynman/tikzlibraryfeynman.code.t
ex
(/usr/share/texlive/texmf-dist/tex/generic/pgf/libraries/pgflibraryarrows.meta.
code.tex
File: pgflibraryarrows.meta.code.tex 2015/05/13 v3.0.1a (rcs-revision 1.13)
\pgfarrowinset=\dimen175
\pgfarrowlength=\dimen176
\pgfarrowwidth=\dimen177
\pgfarrowlinewidth=\dimen178
)
(/usr/share/texlive/texmf-dist/tex/generic/pgf/frontendlayer/tikz/libraries/tik
zlibrarycalc.code.tex
File: tikzlibrarycalc.code.tex 2013/07/15 v3.0.1a (rcs-revision 1.9)
)
(/usr/share/texlive/texmf-dist/tex/generic/pgf/frontendlayer/tikz/libraries/tik
zlibrarydecorations.code.tex
(/usr/share/texlive/texmf-dist/tex/generic/pgf/modules/pgfmoduledecorations.cod
e.tex
\pgfdecoratedcompleteddistance=\dimen179
\pgfdecoratedremainingdistance=\dimen180
\pgfdecoratedinputsegmentcompleteddistance=\dimen181
\pgfdecoratedinputsegmentremainingdistance=\dimen182
\pgf@decorate@distancetomove=\dimen183
\pgf@decorate@repeatstate=\count114
\pgfdecorationsegmentamplitude=\dimen184
\pgfdecorationsegmentlength=\dimen185
)
\tikz@lib@dec@box=\box37
)
(/usr/share/texlive/texmf-dist/tex/generic/pgf/frontendlayer/tikz/libraries/tik
zlibrarydecorations.markings.code.tex
(/usr/share/texlive/texmf-dist/tex/generic/pgf/libraries/decorations/pgflibrary
decorations.markings.code.tex))
(/usr/share/texlive/texmf-dist/tex/generic/pgf/frontendlayer/tikz/libraries/tik
zlibrarydecorations.pathmorphing.code.tex
(/usr/share/texlive/texmf-dist/tex/generic/pgf/libraries/decorations/pgflibrary
decorations.pathmorphing.code.tex))
(/usr/share/texlive/texmf-dist/tex/generic/pgf/frontendlayer/tikz/libraries/tik
zlibrarydecorations.pathreplacing.code.tex
(/usr/share/texlive/texmf-dist/tex/generic/pgf/libraries/decorations/pgflibrary
decorations.pathreplacing.code.tex))
(/usr/share/texlive/texmf-dist/tex/generic/pgf/frontendlayer/tikz/libraries/gra
phs/tikzlibrarygraphs.code.tex
File: tikzlibrarygraphs.code.tex 2015/06/05 v3.0.1a (rcs-revision 1.44)
\tikz@lib@auto@number=\count115
\tikz@qnode@count=\count116
)
(/usr/share/texlive/texmf-dist/tex/generic/pgf/frontendlayer/tikz/libraries/tik
zlibrarypatterns.code.tex
File: tikzlibrarypatterns.code.tex 2008/01/15 v3.0.1a (rcs-revision 1.2)

(/usr/share/texlive/texmf-dist/tex/generic/pgf/libraries/pgflibrarypatterns.cod
e.tex
File: pgflibrarypatterns.code.tex 2008/03/03 v3.0.1a (rcs-revision 1.13)
))
(/usr/share/texlive/texmf-dist/tex/generic/pgf/frontendlayer/tikz/libraries/tik
zlibrarypositioning.code.tex
File: tikzlibrarypositioning.code.tex 2008/10/06 v3.0.1a (rcs-revision 1.7)
)
(/usr/share/texlive/texmf-dist/tex/generic/pgf/frontendlayer/tikz/libraries/tik
zlibraryshapes.geometric.code.tex
File: tikzlibraryshapes.geometric.code.tex 2008/01/09 v3.0.1a (rcs-revision 1.1)


(/usr/share/texlive/texmf-dist/tex/generic/pgf/libraries/shapes/pgflibraryshape
s.geometric.code.tex
File: pgflibraryshapes.geometric.code.tex 2008/06/26 v3.0.1a (rcs-revision 1.1)
))
(/usr/share/texlive/texmf-dist/tex/generic/pgf/graphdrawing/tex/tikzlibrarygrap
hdrawing.code.tex
File: tikzlibrarygraphdrawing.code.tex 2013/08/05 v3.0.1a (rcs-revision 1.20)

(/usr/share/texlive/texmf-dist/tex/generic/pgf/graphdrawing/tex/pgflibrarygraph
drawing.code.tex
File: pgflibrarygraphdrawing.code.tex 2015/06/08 v3.0.1a (rcs-revision 1.39)
\pgf@gd@parameter@stack@height=\count117
\pgf@gd@node@box=\box38
\pgf@gd@edge@box=\box39
\pgf@gd@prekind@box=\box40
\pgf@gd@postkind@box=\box41
))
(/usr/share/texlive/texmf-dist/tex/latex/tikz-feynman/tikzfeynman.keys.code.tex
))) (/usr/share/texlive/texmf-dist/tex/latex/subfigure/subfigure.sty
Package: subfigure 2002/03/15 v2.1.5 subfigure package
\subfigtopskip=\skip46
\subfigcapskip=\skip47
\subfigcaptopadj=\dimen186
\subfigbottomskip=\skip48
\subfigcapmargin=\dimen187
\subfiglabelskip=\skip49
\c@subfigure=\count118
\c@lofdepth=\count119
\c@subtable=\count120
\c@lotdepth=\count121

****************************************
* Local config file subfigure.cfg used *
****************************************
(/usr/share/texlive/texmf-dist/tex/latex/subfigure/subfigure.cfg)
\subfig@top=\skip50
\subfig@bottom=\skip51
)
(/usr/share/texlive/texmf-dist/tex/latex/subfigmat/subfigmat.sty
Package: subfigmat 1999/02/27 v1.0 Subfigure Matrix Package
\sfm@width=\skip52
\sfmcolsep=\skip53
\c@sfm@count=\count122
)
(/usr/share/texlive/texmf-dist/tex/latex/tools/dcolumn.sty
Package: dcolumn 2014/10/28 v1.06 decimal alignment package (DPC)
)
(/usr/share/texlive/texmf-dist/tex/latex/amsmath/amsmath.sty
Package: amsmath 2016/03/03 v2.15a AMS math features
\@mathmargin=\skip54

For additional information on amsmath, use the `?' option.
(/usr/share/texlive/texmf-dist/tex/latex/amsmath/amstext.sty
Package: amstext 2000/06/29 v2.01 AMS text

(/usr/share/texlive/texmf-dist/tex/latex/amsmath/amsgen.sty
File: amsgen.sty 1999/11/30 v2.0 generic functions
\@emptytoks=\toks33
\ex@=\dimen188
))
(/usr/share/texlive/texmf-dist/tex/latex/amsmath/amsbsy.sty
Package: amsbsy 1999/11/29 v1.2d Bold Symbols
\pmbraise@=\dimen189
)
(/usr/share/texlive/texmf-dist/tex/latex/amsmath/amsopn.sty
Package: amsopn 1999/12/14 v2.01 operator names
)
\inf@bad=\count123
LaTeX Info: Redefining \frac on input line 199.
\uproot@=\count124
\leftroot@=\count125
LaTeX Info: Redefining \overline on input line 297.
\classnum@=\count126
\DOTSCASE@=\count127
LaTeX Info: Redefining \ldots on input line 394.
LaTeX Info: Redefining \dots on input line 397.
LaTeX Info: Redefining \cdots on input line 518.
\Mathstrutbox@=\box42
\strutbox@=\box43
\big@size=\dimen190
LaTeX Font Info:    Redeclaring font encoding OML on input line 630.
LaTeX Font Info:    Redeclaring font encoding OMS on input line 631.
\macc@depth=\count128
\c@MaxMatrixCols=\count129
\dotsspace@=\muskip10
\c@parentequation=\count130
\dspbrk@lvl=\count131
\tag@help=\toks34
\row@=\count132
\column@=\count133
\maxfields@=\count134
\andhelp@=\toks35
\eqnshift@=\dimen191
\alignsep@=\dimen192
\tagshift@=\dimen193
\tagwidth@=\dimen194
\totwidth@=\dimen195
\lineht@=\dimen196
\@envbody=\toks36
\multlinegap=\skip55
\multlinetaggap=\skip56
\mathdisplay@stack=\toks37
LaTeX Info: Redefining \[ on input line 2735.
LaTeX Info: Redefining \] on input line 2736.
)
(/usr/share/texlive/texmf-dist/tex/latex/amsfonts/amsfonts.sty
Package: amsfonts 2013/01/14 v3.01 Basic AMSFonts support
\symAMSa=\mathgroup4
\symAMSb=\mathgroup5
LaTeX Font Info:    Overwriting math alphabet `\mathfrak' in version `bold'
(Font)                  U/euf/m/n --> U/euf/b/n on input line 106.
)
(/usr/share/texlive/texmf-dist/tex/latex/amsfonts/amssymb.sty
Package: amssymb 2013/01/14 v3.01 AMS font symbols
)
(/usr/share/texlive/texmf-dist/tex/latex/amscls/amsthm.sty
Package: amsthm 2015/03/04 v2.20.2
\thm@style=\toks38
\thm@bodyfont=\toks39
\thm@headfont=\toks40
\thm@notefont=\toks41
\thm@headpunct=\toks42
\thm@preskip=\skip57
\thm@postskip=\skip58
\thm@headsep=\skip59
\dth@everypar=\toks43
)
(/usr/share/texlive/texmf-dist/tex/latex/float/float.sty
Package: float 2001/11/08 v1.3d Float enhancements (AL)
\c@float@type=\count135
\float@exts=\toks44
\float@box=\box44
\@float@everytoks=\toks45
\@floatcapt=\box45
)
(/usr/share/texlive/texmf-dist/tex/latex/sectsty/sectsty.sty
Package: sectsty 2002/02/25 v2.0.2 Commands to change all sectional heading styl
es
)
(/usr/share/texlive/texmf-dist/tex/latex/titlesec/titlesec.sty
Package: titlesec 2016/03/15 v2.10.1 Sectioning titles
\ttl@box=\box46
\beforetitleunit=\skip60
\aftertitleunit=\skip61
\ttl@plus=\dimen197
\ttl@minus=\dimen198
\ttl@toksa=\toks46
\titlewidth=\dimen199
\titlewidthlast=\dimen256
\titlewidthfirst=\dimen257
)
(/usr/local/share/texmf/tex/latex/etoolbox/etoolbox.sty
Package: etoolbox 2018/08/19 v2.5f e-TeX tools for LaTeX (JAW)
\etb@tempcnta=\count136
)
(/usr/share/texlive/texmf-dist/tex/latex/secdot/secdot.sty
Package: secdot 2000/06/20 v1.0 section numbers with dots
)

LaTeX Warning: Unused global option(s):
    [number].

(./ExtendedAbstract.aux)
\openout1 = ExtendedAbstract.aux

LaTeX Font Info:    Checking defaults for OML/cmm/m/it on input line 149.
LaTeX Font Info:    ... okay on input line 149.
LaTeX Font Info:    Checking defaults for T1/cmr/m/n on input line 149.
LaTeX Font Info:    ... okay on input line 149.
LaTeX Font Info:    Checking defaults for OT1/cmr/m/n on input line 149.
LaTeX Font Info:    ... okay on input line 149.
LaTeX Font Info:    Checking defaults for OMS/cmsy/m/n on input line 149.
LaTeX Font Info:    ... okay on input line 149.
LaTeX Font Info:    Checking defaults for OMX/cmex/m/n on input line 149.
LaTeX Font Info:    ... okay on input line 149.
LaTeX Font Info:    Checking defaults for U/cmr/m/n on input line 149.
LaTeX Font Info:    ... okay on input line 149.
Package caption Info: Begin \AtBeginDocument code.
Package caption Info: float package is loaded.
Package caption Info: subfigure package is loaded.
Package caption Info: End \AtBeginDocument code.

(/usr/share/texlive/texmf-dist/tex/context/base/supp-pdf.mkii
[Loading MPS to PDF converter (version 2006.09.02).]
\scratchcounter=\count137
\scratchdimen=\dimen258
\scratchbox=\box47
\nofMPsegments=\count138
\nofMParguments=\count139
\everyMPshowfont=\toks47
\MPscratchCnt=\count140
\MPscratchDim=\dimen259
\MPnumerator=\count141
\makeMPintoPDFobject=\count142
\everyMPtoPDFconversion=\toks48
) ABD: EveryShipout initializing macros
(/usr/share/texlive/texmf-dist/tex/generic/oberdiek/pdftexcmds.sty
Package: pdftexcmds 2011/11/29 v0.20 Utility functions of pdfTeX for LuaTeX (HO)


(/usr/share/texlive/texmf-dist/tex/generic/oberdiek/ifpdf.sty
Package: ifpdf 2011/01/30 v2.3 Provides the ifpdf switch (HO)
Package ifpdf Info: pdfTeX in PDF mode is detected.
)
Package pdftexcmds Info: \pdf@primitive is available.
Package pdftexcmds Info: \pdf@ifprimitive is available.
Package pdftexcmds Info: \pdfdraftmode found.

(/usr/share/texlive/texmf-dist/tex/generic/oberdiek/luatex-loader.sty
Package: luatex-loader 2010/03/09 v0.4 Lua module loader (HO)

(/usr/share/texlive/texmf-dist/scripts/oberdiek/oberdiek.luatex.lua))
\pdftexcmds@toks=\toks49
)
(/usr/share/texlive/texmf-dist/tex/latex/oberdiek/epstopdf-base.sty
Package: epstopdf-base 2010/02/09 v2.5 Base part for package epstopdf

(/usr/share/texlive/texmf-dist/tex/latex/oberdiek/grfext.sty
Package: grfext 2010/08/19 v1.1 Manage graphics extensions (HO)

(/usr/share/texlive/texmf-dist/tex/generic/oberdiek/kvdefinekeys.sty
Package: kvdefinekeys 2011/04/07 v1.3 Define keys (HO)
))
(/usr/share/texlive/texmf-dist/tex/latex/oberdiek/kvoptions.sty
Package: kvoptions 2011/06/30 v3.11 Key value format for package options (HO)

(/usr/share/texlive/texmf-dist/tex/generic/oberdiek/kvsetkeys.sty
Package: kvsetkeys 2012/04/25 v1.16 Key value parser (HO)

(/usr/share/texlive/texmf-dist/tex/generic/oberdiek/etexcmds.sty
Package: etexcmds 2011/02/16 v1.5 Avoid name clashes with e-TeX commands (HO)
)))
Package grfext Info: Graphics extension search list:
(grfext)             [.png,.pdf,.jpg,.mps,.tif,.jpeg,.PNG,.PDF,.JPG,.JPEG,.eps]
(grfext)             \AppendGraphicsExtensions on input line 452.

(/usr/share/texlive/texmf-dist/tex/latex/latexconfig/epstopdf-sys.cfg
File: epstopdf-sys.cfg 2010/07/13 v1.3 Configuration of (r)epstopdf for TeX Live

))
LaTeX Font Info:    Try loading font information for U+msa on input line 165.

(/usr/share/texlive/texmf-dist/tex/latex/amsfonts/umsa.fd
File: umsa.fd 2013/01/14 v3.01 AMS symbols A
)
LaTeX Font Info:    Try loading font information for U+msb on input line 165.

(/usr/share/texlive/texmf-dist/tex/latex/amsfonts/umsb.fd
File: umsb.fd 2013/01/14 v3.01 AMS symbols B
)
(./ExtendedAbstract_abstr.tex
Underfull \hbox (badness 10000) in paragraph at lines 17--23

 []

) (./ExtendedAbstract_intro.tex

LaTeX Warning: `h' float specifier changed to `ht'.


Underfull \vbox (badness 1062) has occurred while \output is active []

 [1{/var/lib/texmf/fonts/map/pdftex/updmap/pdftex.map}


]
<./images/hist_deltaR_bb_pt.pdf, id=25, 569.12625pt x 385.44pt>
File: ./images/hist_deltaR_bb_pt.pdf Graphic file (type pdf)

<use ./images/hist_deltaR_bb_pt.pdf>
Package pdftex.def Info: ./images/hist_deltaR_bb_pt.pdf used on input line 53.
(pdftex.def)             Requested size: 222.62204pt x 154.6379pt.
) (./ExtendedAbstract_det.tex
Missing character: There is no − (U+2212) in font cmr10!
) [2<./images/hist_deltaR_bb_pt.pdf>] (./ExtendedAbstract_backg.tex
Underfull \vbox (badness 1242) has occurred while \output is active []


Underfull \hbox (badness 1308) in paragraph at lines 28--29
[][]\OT1/cmr/m/n/10 Stud-ies of the im-pact of the gran-u-lar-ity of
 []


Underfull \hbox (badness 2229) in paragraph at lines 28--29
\OT1/cmr/m/n/10 HCAL(ECAL) $0\OML/cmm/m/it/10 :\OT1/cmr/m/n/10 05(0\OML/cmm/m/i
t/10 :\OT1/cmr/m/n/10 012)\OML/cmm/m/it/10  \OMS/cmsy/m/n/10  \OT1/cmr/m/n/10
 0\OML/cmm/m/it/10 :\OT1/cmr/m/n/10 05(0\OML/cmm/m/it/10 :\OT1/cmr/m/n/10 012)\
OML/cmm/m/it/10 $ \OT1/cmr/m/n/10 and
 []

) (./ExtendedAbstract_imple.tex
Underfull \vbox (badness 1242) has occurred while \output is active []

 [3]
Underfull \hbox (badness 1748) in paragraph at lines 55--56
[][]\OT1/cmr/m/n/10 Dif-fer-ent de-tec-tor con-fig-u-ra-tions were im-ple-
 []

<./images/boosted1.png, id=83, 778.8297pt x 385.44pt>
File: ./images/boosted1.png Graphic file (type png)

<use ./images/boosted1.png>
Package pdftex.def Info: ./images/boosted1.png used on input line 94.
(pdftex.def)             Requested size: 267.14577pt x 153.24551pt.

Overfull \hbox (44.52373pt too wide) in paragraph at lines 94--95
 [][][] 
 []


LaTeX Warning: `h' float specifier changed to `ht'.

[4
Missing character: There is no ’ (U+2019) in font cmr10!
] <./images/hist_h1_pt_stack.pdf, id=90, 569.12625pt x 385.44pt>
File: ./images/hist_h1_pt_stack.pdf Graphic file (type pdf)

<use ./images/hist_h1_pt_stack.pdf>
Package pdftex.def Info: ./images/hist_h1_pt_stack.pdf used on input line 141.
(pdftex.def)             Requested size: 227.62204pt x 154.15562pt.

<./images/hist_hh_pt_stack.pdf, id=91, 569.12625pt x 385.44pt>
File: ./images/hist_hh_pt_stack.pdf Graphic file (type pdf)

<use ./images/hist_hh_pt_stack.pdf>
Package pdftex.def Info: ./images/hist_hh_pt_stack.pdf used on input line 145.
(pdftex.def)             Requested size: 227.62204pt x 154.15562pt.

<./images/hist_h1_tau21_stack.pdf, id=92, 569.12625pt x 385.44pt>
File: ./images/hist_h1_tau21_stack.pdf Graphic file (type pdf)

<use ./images/hist_h1_tau21_stack.pdf>
Package pdftex.def Info: ./images/hist_h1_tau21_stack.pdf used on input line 164
.
(pdftex.def)             Requested size: 227.62204pt x 154.15562pt.

<./images/hist_hh_deltaEta_stack.pdf, id=93, 569.12625pt x 385.44pt>
File: ./images/hist_hh_deltaEta_stack.pdf Graphic file (type pdf)

<use ./images/hist_hh_deltaEta_stack.pdf>
Package pdftex.def Info: ./images/hist_hh_deltaEta_stack.pdf used on input line 
168.
(pdftex.def)             Requested size: 227.62204pt x 154.15562pt.

<./images/hist_h1_FW2_stack.pdf, id=94, 569.12625pt x 385.44pt>
File: ./images/hist_h1_FW2_stack.pdf Graphic file (type pdf)

<use ./images/hist_h1_FW2_stack.pdf>
Package pdftex.def Info: ./images/hist_h1_FW2_stack.pdf used on input line 187.
(pdftex.def)             Requested size: 227.62204pt x 154.15562pt.

<./images/hist_h1_softdrop_M_stack.pdf, id=95, 569.12625pt x 385.44pt>
File: ./images/hist_h1_softdrop_M_stack.pdf Graphic file (type pdf)

<use ./images/hist_h1_softdrop_M_stack.pdf>
Package pdftex.def Info: ./images/hist_h1_softdrop_M_stack.pdf used on input lin
e 191.
(pdftex.def)             Requested size: 227.62204pt x 154.15562pt.
) (./ExtendedAbstract_resul.tex
[5<./images/boosted1.png>] [6<./images/hist_h1_pt_stack.pdf><./images/hist_hh_pt
_stack.pdf><./images/hist_h1_tau21_stack.pdf><./images/hist_hh_deltaEta_stack.pd
f><./images/hist_h1_FW2_stack.pdf><./images/hist_h1_softdrop_M_stack.pdf>]
<./images/EffvsGran_PFjets_Opt.pdf, id=381, 569.12625pt x 385.44pt>
File: ./images/EffvsGran_PFjets_Opt.pdf Graphic file (type pdf)

<use ./images/EffvsGran_PFjets_Opt.pdf>
Package pdftex.def Info: ./images/EffvsGran_PFjets_Opt.pdf used on input line 53
.
(pdftex.def)             Requested size: 222.62204pt x 150.77385pt.

<./images/SSBvsGran_SM_Opt.pdf, id=382, 569.12625pt x 385.44pt>
File: ./images/SSBvsGran_SM_Opt.pdf Graphic file (type pdf)

<use ./images/SSBvsGran_SM_Opt.pdf>
Package pdftex.def Info: ./images/SSBvsGran_SM_Opt.pdf used on input line 60.
(pdftex.def)             Requested size: 222.62204pt x 150.77385pt.

<./images/SSBvsGran_2HDM_Opt.pdf, id=383, 569.12625pt x 385.44pt>
File: ./images/SSBvsGran_2HDM_Opt.pdf Graphic file (type pdf)

<use ./images/SSBvsGran_2HDM_Opt.pdf>
Package pdftex.def Info: ./images/SSBvsGran_2HDM_Opt.pdf used on input line 67.
(pdftex.def)             Requested size: 222.62204pt x 150.77385pt.


LaTeX Warning: `h' float specifier changed to `ht'.

) (./ExtendedAbstract_concl.tex
Underfull \vbox (badness 1755) has occurred while \output is active []

 [7<./images/EffvsGran_PFjets_Opt.pdf><./images/SSBvsGran_SM_Opt.pdf>])
(./ExtendedAbstract_ackno.tex) (./ExtendedAbstract.bbl
Underfull \hbox (badness 1527) in paragraph at lines 9--16
\OT1/cmr/m/n/10 de-tec-tor, Jour-nal of High En-ergy Physics
 []


Overfull \hbox (26.01404pt too wide) in paragraph at lines 9--16
\OT1/cmr/m/n/10 URL \OT1/cmtt/m/n/10 https://doi.org/10.1007/JHEP09(2013)076 
 []


Underfull \hbox (badness 2189) in paragraph at lines 24--30
[][]\OT1/cmr/m/n/10 J. K. Behr, D. Bor-to-letto, J. A. Frost,
 []


Underfull \hbox (badness 1057) in paragraph at lines 39--44
[][]\OT1/cmr/m/n/10 S. Baner-jee, C. En-glert, M. L. Mangano,
 []


Underfull \hbox (badness 5091) in paragraph at lines 39--44
\OT1/cmr/m/n/10 M. Sel-vaggi, M. Span-nowsky, $\OML/cmm/m/it/10 hh \OT1/cmr/m/n
/10 + []$
 []


Underfull \hbox (badness 5681) in paragraph at lines 39--44
\OT1/cmr/m/n/10 pro-duc-tion at 100 TeV, Eur. Phys. J.
 []


Underfull \hbox (badness 4060) in paragraph at lines 39--44
\OT1/cmr/m/n/10 C78 (4) (2018) 322.  arXiv:1802.01607,
 []


Underfull \hbox (badness 2653) in paragraph at lines 58--60
[][]\OT1/cmr/m/n/10 S. Chekanov, Physics re-quire-ments for a
 []

[8<./images/SSBvsGran_2HDM_Opt.pdf>]
Underfull \hbox (badness 3271) in paragraph at lines 77--81
[][]\OT1/cmr/m/n/10 T. gen-eral Two-Higgs-Doublet Model, C.
 []


Overfull \hbox (36.51395pt too wide) in paragraph at lines 77--81
\OT1/cmr/m/n/10 URL \OT1/cmtt/m/n/10 http://feynrules.irmp.ucl.ac.be/wiki/2HDM 

 []


Underfull \hbox (badness 2644) in paragraph at lines 86--91
[][]\OT1/cmr/m/n/10 T. Sjos-trand, S. Mrenna, P. Z. Skands,
 []


Underfull \hbox (badness 10000) in paragraph at lines 86--91
\OT1/cmr/m/n/10 A Brief In-tro-duc-tion to PYTHIA
 []


Underfull \hbox (badness 10000) in paragraph at lines 86--91
\OT1/cmr/m/n/10 8.1, Com-put. Phys. Com-mun. 178
 []


Underfull \hbox (badness 10000) in paragraph at lines 86--91
\OT1/cmr/m/n/10 (2008) 852--867.  arXiv:0710.3820,
 []


Underfull \hbox (badness 10000) in paragraph at lines 101--107
[][]\OT1/cmr/m/n/10 C. De-grande, Au-to-matic eval-u-a-tion of
 []


Underfull \hbox (badness 1721) in paragraph at lines 101--107
\OT1/cmr/m/n/10 UV and R2 terms for be-yond the Stan-
 []


Underfull \hbox (badness 10000) in paragraph at lines 101--107
\OT1/cmr/m/n/10 dard Model La-grangians: a proof-of-
 []


Underfull \hbox (badness 10000) in paragraph at lines 101--107
\OT1/cmr/m/n/10 principle, Com-put. Phys. Com-mun.
 []


Underfull \hbox (badness 10000) in paragraph at lines 101--107
\OT1/cmr/m/n/10 197 (2015) 239--262.  arXiv:1406.3030,
 []


Underfull \hbox (badness 5652) in paragraph at lines 109--114
[][]\OT1/cmr/m/n/10 J. Thaler, K. Van Tilburg, Iden-ti-fy-ing
 []


Underfull \hbox (badness 10000) in paragraph at lines 109--114
\OT1/cmr/m/n/10 Boosted Ob-jects with N-subjettiness,
 []


Underfull \hbox (badness 3635) in paragraph at lines 109--114
\OT1/cmr/m/n/10 JHEP 03 (2011) 015.  arXiv:1011.2268,
 []


Underfull \hbox (badness 2142) in paragraph at lines 124--125
[][]\OT1/cmr/m/n/10 C. Helsens, Heavy res-o-nances at 100TeV
 []

) [9
Missing character: There is no î (U+00EE) in font cmr10!

] (./ExtendedAbstract.aux))

Here is how much of LuaTeX's memory you used:
 19908 strings out of 495004
 100000,552014 words of node,token memory allocated
 522 words of node memory still in use:
   7 hlist, 2 vlist, 2 rule, 2 glue, 8 kern, 1 glyph, 50 glue_spec, 1 write node
s
   avail lists: 1:8,2:41,3:834,4:2645,5:339,6:5151,7:461,8:2,9:452,10:461
 22482 multiletter control sequences out of 65536+600000
 66 fonts using 2603987 bytes
 58i,13n,98p,1986b,1585s stack positions out of 5000i,500n,10000p,200000b,100000s
<</usr/share/texlive/texmf-dist/fonts/type1/public/amsfonts/cm/cmbx10.pfb><</usr
/share/texlive/texmf-dist/fonts/type1/public/amsfonts/cm/cmbx12.pfb><</usr/share
/texlive/texmf-dist/fonts/type1/public/amsfonts/cm/cmbx9.pfb><</usr/share/texliv
e/texmf-dist/fonts/type1/public/amsfonts/cm/cmex10.pfb><</usr/share/texlive/texm
f-dist/fonts/type1/public/amsfonts/cm/cmmi10.pfb><</usr/share/texlive/texmf-dist
/fonts/type1/public/amsfonts/cm/cmmi5.pfb><</usr/share/texlive/texmf-dist/fonts/
type1/public/amsfonts/cm/cmmi6.pfb><</usr/share/texlive/texmf-dist/fonts/type1/p
ublic/amsfonts/cm/cmmi7.pfb><</usr/share/texlive/texmf-dist/fonts/type1/public/a
msfonts/cm/cmmi9.pfb><</usr/share/texlive/texmf-dist/fonts/type1/public/amsfonts
/cm/cmr10.pfb><</usr/share/texlive/texmf-dist/fonts/type1/public/amsfonts/cm/cmr
12.pfb><</usr/share/texlive/texmf-dist/fonts/type1/public/amsfonts/cm/cmr17.pfb>
<</usr/share/texlive/texmf-dist/fonts/type1/public/amsfonts/cm/cmr5.pfb><</usr/s
hare/texlive/texmf-dist/fonts/type1/public/amsfonts/cm/cmr6.pfb><</usr/share/tex
live/texmf-dist/fonts/type1/public/amsfonts/cm/cmr7.pfb><</usr/share/texlive/tex
mf-dist/fonts/type1/public/amsfonts/cm/cmr9.pfb><</usr/share/texlive/texmf-dist/
fonts/type1/public/amsfonts/cm/cmsy10.pfb><</usr/share/texlive/texmf-dist/fonts/
type1/public/amsfonts/cm/cmsy6.pfb><</usr/share/texlive/texmf-dist/fonts/type1/p
ublic/amsfonts/cm/cmsy7.pfb><</usr/share/texlive/texmf-dist/fonts/type1/public/a
msfonts/cm/cmsy9.pfb><</usr/share/texlive/texmf-dist/fonts/type1/public/amsfonts
/cm/cmti10.pfb><</usr/share/texlive/texmf-dist/fonts/type1/public/amsfonts/cm/cm
tt10.pfb>
Output written on ExtendedAbstract.pdf (9 pages, 712635 bytes).

PDF statistics: 602 PDF objects out of 1000 (max. 8388607)
 301 compressed objects within 4 object streams
 0 named destinations out of 1000 (max. 131072)
 28 words of extra memory for PDF output out of 10000 (max. 10000000)

